#
# There is insufficient memory for the Java Runtime Environment to continue.
# Native memory allocation (malloc) failed to allocate 1206416 bytes for Chunk::new
# Possible reasons:
#   The system is out of physical RAM or swap space
#   The process is running with CompressedOops enabled, and the Java Heap may be blocking the growth of the native heap
# Possible solutions:
#   Reduce memory load on the system
#   Increase physical memory or swap space
#   Check if swap backing store is full
#   Decrease Java heap size (-Xmx/-Xms)
#   Decrease number of Java threads
#   Decrease Java thread stack sizes (-Xss)
#   Set larger code cache with -XX:ReservedCodeCacheSize=
#   JVM is running with Zero Based Compressed Oops mode in which the Java heap is
#     placed in the first 32GB address space. The Java Heap base address is the
#     maximum limit for the native heap growth. Please use -XX:HeapBaseMinAddress
#     to set the Java Heap base and to place the Java Heap above 32GB virtual address.
# This output file may be truncated or incomplete.
#
#  Out of Memory Error (arena.cpp:191), pid=68424, tid=68940
#
# JRE version: OpenJDK Runtime Environment Temurin-17.0.9+9 (17.0.9+9) (build 17.0.9+9)
# Java VM: OpenJDK 64-Bit Server VM Temurin-17.0.9+9 (17.0.9+9, mixed mode, sharing, tiered, compressed oops, compressed class ptrs, g1 gc, windows-amd64)
# No core dump will be written. Minidumps are not enabled by default on client versions of Windows
#

---------------  S U M M A R Y ------------

Command Line: -Dclassworlds.conf=D:\Softwares\apache-maven-3.9.5-bin\apache-maven-3.9.5\bin\m2.conf -Dmaven.home=D:\Softwares\apache-maven-3.9.5-bin\apache-maven-3.9.5 -Dlibrary.jansi.path=D:\Softwares\apache-maven-3.9.5-bin\apache-maven-3.9.5\lib\jansi-native -Dmaven.multiModuleProjectDirectory=C:\Users\danish\eclipse-workspace\Basyx2.0\basyx-java-server-sdk\basyx.aasregistry\basyx.aasregistry-service-release-log-mem -agentpath:C:\Program Files\Palo Alto Networks\Traps\cyjagent.dll org.codehaus.plexus.classworlds.launcher.Launcher clean install

Host: 12th Gen Intel(R) Core(TM) i7-1255U, 12 cores, 15G,  Windows 10 , 64 bit Build 19041 (10.0.19041.3636)
Time: Wed May 29 10:26:03 2024 W. Europe Daylight Time elapsed time: 14.486708 seconds (0d 0h 0m 14s)

---------------  T H R E A D  ---------------

Current thread (0x0000028cf04b1550):  JavaThread "C2 CompilerThread0" daemon [_thread_in_native, id=68940, stack(0x000000e33b000000,0x000000e33b100000)]


Current CompileTask:
C2:  14490 5722       4       jdk.nio.zipfs.ZipFileSystem$Entry::<init> (68 bytes)

Stack: [0x000000e33b000000,0x000000e33b100000]
Native frames: (J=compiled Java code, j=interpreted, Vv=VM code, C=native code)
V  [jvm.dll+0x67cf49]
V  [jvm.dll+0x83478a]
V  [jvm.dll+0x83624e]
V  [jvm.dll+0x8368b3]
V  [jvm.dll+0x247f1f]
V  [jvm.dll+0xac43c]
V  [jvm.dll+0xaca8c]
V  [jvm.dll+0x367012]
V  [jvm.dll+0x1bd722]
V  [jvm.dll+0x21a709]
V  [jvm.dll+0x2199d1]
V  [jvm.dll+0x1a57cd]
V  [jvm.dll+0x2297ae]
V  [jvm.dll+0x22797c]
V  [jvm.dll+0x7e9877]
V  [jvm.dll+0x7e3c3a]
V  [jvm.dll+0x67be35]
C  [ucrtbase.dll+0x21bb2]
C  [cyinjct.dll+0x11e7]
C  [KERNEL32.DLL+0x17344]
C  [ntdll.dll+0x526b1]


---------------  P R O C E S S  ---------------

Threads class SMR info:
_java_thread_list=0x0000028cf5faff00, length=18, elements={
0x0000028ccd0e1510, 0x0000028cf0482460, 0x0000028cf04832e0, 0x0000028cf04a77e0,
0x0000028cf04a92c0, 0x0000028cf04a9e80, 0x0000028cf04b0860, 0x0000028cf04b1550,
0x0000028cf04b1f50, 0x0000028cf04bd6b0, 0x0000028cf0610a10, 0x0000028cf0612fd0,
0x0000028cf6a84090, 0x0000028cf6359330, 0x0000028cf6aa0300, 0x0000028cf664ce10,
0x0000028cf664bee0, 0x0000028cf664c900
}

Java Threads: ( => current thread )
  0x0000028ccd0e1510 JavaThread "main" [_thread_in_native, id=70584, stack(0x000000e33a300000,0x000000e33a400000)]
  0x0000028cf0482460 JavaThread "Reference Handler" daemon [_thread_blocked, id=69816, stack(0x000000e33aa00000,0x000000e33ab00000)]
  0x0000028cf04832e0 JavaThread "Finalizer" daemon [_thread_blocked, id=50156, stack(0x000000e33ab00000,0x000000e33ac00000)]
  0x0000028cf04a77e0 JavaThread "Signal Dispatcher" daemon [_thread_blocked, id=67104, stack(0x000000e33ac00000,0x000000e33ad00000)]
  0x0000028cf04a92c0 JavaThread "Attach Listener" daemon [_thread_blocked, id=69532, stack(0x000000e33ad00000,0x000000e33ae00000)]
  0x0000028cf04a9e80 JavaThread "Service Thread" daemon [_thread_blocked, id=68832, stack(0x000000e33ae00000,0x000000e33af00000)]
  0x0000028cf04b0860 JavaThread "Monitor Deflation Thread" daemon [_thread_blocked, id=63304, stack(0x000000e33af00000,0x000000e33b000000)]
=>0x0000028cf04b1550 JavaThread "C2 CompilerThread0" daemon [_thread_in_native, id=68940, stack(0x000000e33b000000,0x000000e33b100000)]
  0x0000028cf04b1f50 JavaThread "C1 CompilerThread0" daemon [_thread_blocked, id=68896, stack(0x000000e33b100000,0x000000e33b200000)]
  0x0000028cf04bd6b0 JavaThread "Sweeper thread" daemon [_thread_blocked, id=70316, stack(0x000000e33b200000,0x000000e33b300000)]
  0x0000028cf0610a10 JavaThread "Notification Thread" daemon [_thread_blocked, id=64092, stack(0x000000e33b300000,0x000000e33b400000)]
  0x0000028cf0612fd0 JavaThread "Common-Cleaner" daemon [_thread_blocked, id=22892, stack(0x000000e33b500000,0x000000e33b600000)]
  0x0000028cf6a84090 JavaThread "timeout-check-timer" daemon [_thread_blocked, id=69764, stack(0x000000e33c300000,0x000000e33c400000)]
  0x0000028cf6359330 JavaThread "ping-timer-10s" daemon [_thread_blocked, id=69740, stack(0x000000e33c400000,0x000000e33c500000)]
  0x0000028cf6aa0300 JavaThread "ThreadedStreamConsumer" daemon [_thread_blocked, id=69728, stack(0x000000e33c500000,0x000000e33c600000)]
  0x0000028cf664ce10 JavaThread "fork-1-err-thread" daemon [_thread_in_native, id=56940, stack(0x000000e33c600000,0x000000e33c700000)]
  0x0000028cf664bee0 JavaThread "commands-fork-1" daemon [_thread_blocked, id=38136, stack(0x000000e33c700000,0x000000e33c800000)]
  0x0000028cf664c900 JavaThread "fork-1-event-thread" daemon [_thread_in_native, id=69748, stack(0x000000e33c800000,0x000000e33c900000)]

Other Threads:
  0x0000028cf047cf80 VMThread "VM Thread" [stack: 0x000000e33a900000,0x000000e33aa00000] [id=67900]
  0x0000028cf0626c90 WatcherThread [stack: 0x000000e33b400000,0x000000e33b500000] [id=58952]
  0x0000028ccd14c1a0 GCTaskThread "GC Thread#0" [stack: 0x000000e33a400000,0x000000e33a500000] [id=69788]
  0x0000028cf0630ae0 GCTaskThread "GC Thread#1" [stack: 0x000000e33b600000,0x000000e33b700000] [id=70564]
  0x0000028cf56588c0 GCTaskThread "GC Thread#2" [stack: 0x000000e33b700000,0x000000e33b800000] [id=66612]
  0x0000028cf57bbb20 GCTaskThread "GC Thread#3" [stack: 0x000000e33b800000,0x000000e33b900000] [id=70604]
  0x0000028cf57bbde0 GCTaskThread "GC Thread#4" [stack: 0x000000e33b900000,0x000000e33ba00000] [id=66552]
  0x0000028cf57bc0a0 GCTaskThread "GC Thread#5" [stack: 0x000000e33ba00000,0x000000e33bb00000] [id=67480]
  0x0000028cf578d450 GCTaskThread "GC Thread#6" [stack: 0x000000e33bb00000,0x000000e33bc00000] [id=29776]
  0x0000028cf578d710 GCTaskThread "GC Thread#7" [stack: 0x000000e33bc00000,0x000000e33bd00000] [id=67936]
  0x0000028cf562bdf0 GCTaskThread "GC Thread#8" [stack: 0x000000e33bd00000,0x000000e33be00000] [id=30356]
  0x0000028cf58c7c30 GCTaskThread "GC Thread#9" [stack: 0x000000e33be00000,0x000000e33bf00000] [id=64004]
  0x0000028ccd15cc40 ConcurrentGCThread "G1 Main Marker" [stack: 0x000000e33a500000,0x000000e33a600000] [id=66244]
  0x0000028ccd15d660 ConcurrentGCThread "G1 Conc#0" [stack: 0x000000e33a600000,0x000000e33a700000] [id=69972]
  0x0000028cf68c9000 ConcurrentGCThread "G1 Conc#1" [stack: 0x000000e33bf00000,0x000000e33c000000] [id=52012]
  0x0000028cf5da8360 ConcurrentGCThread "G1 Conc#2" [stack: 0x000000e33c000000,0x000000e33c100000] [id=68120]
  0x0000028ccd16e800 ConcurrentGCThread "G1 Refine#0" [stack: 0x000000e33a700000,0x000000e33a800000] [id=68732]
  0x0000028cf7874a00 ConcurrentGCThread "G1 Refine#1" [stack: 0x000000e33c100000,0x000000e33c200000] [id=68324]
  0x0000028cf742e1d0 ConcurrentGCThread "G1 Refine#2" [stack: 0x000000e33c200000,0x000000e33c300000] [id=68336]
  0x0000028cefccd860 ConcurrentGCThread "G1 Service" [stack: 0x000000e33a800000,0x000000e33a900000] [id=69332]

Threads with active compile tasks:
C2 CompilerThread0    14750 5722       4       jdk.nio.zipfs.ZipFileSystem$Entry::<init> (68 bytes)

VM state: not at safepoint (normal execution)

VM Mutex/Monitor currently owned by a thread: None

Heap address: 0x0000000704a00000, size: 4022 MB, Compressed Oops mode: Zero based, Oop shift amount: 3

CDS archive(s) mapped at: [0x0000028c80000000-0x0000028c80ba0000-0x0000028c80ba0000), size 12189696, SharedBaseAddress: 0x0000028c80000000, ArchiveRelocationMode: 1.
Compressed class space mapped at: 0x0000028c81000000-0x0000028cc1000000, reserved size: 1073741824
Narrow klass base: 0x0000028c80000000, Narrow klass shift: 0, Narrow klass range: 0x100000000

GC Precious Log:
 CPUs: 12 total, 12 available
 Memory: 16083M
 Large Page Support: Disabled
 NUMA Support: Disabled
 Compressed Oops: Enabled (Zero based)
 Heap Region Size: 2M
 Heap Min Capacity: 8M
 Heap Initial Capacity: 252M
 Heap Max Capacity: 4022M
 Pre-touch: Disabled
 Parallel Workers: 10
 Concurrent Workers: 3
 Concurrent Refinement Workers: 10
 Periodic GC: Disabled

Heap:
 garbage-first heap   total 104448K, used 59504K [0x0000000704a00000, 0x0000000800000000)
  region size 2048K, 4 young (8192K), 2 survivors (4096K)
 Metaspace       used 31797K, committed 32128K, reserved 1114112K
  class space    used 3663K, committed 3776K, reserved 1048576K

Heap Regions: E=young(eden), S=young(survivor), O=old, HS=humongous(starts), HC=humongous(continues), CS=collection set, F=free, OA=open archive, CA=closed archive, TAMS=top-at-mark-start (previous, next)
|   0|0x0000000704a00000, 0x0000000704c00000, 0x0000000704c00000|100%| O|  |TAMS 0x0000000704c00000, 0x0000000704a00000| Untracked 
|   1|0x0000000704c00000, 0x0000000704e00000, 0x0000000704e00000|100%| O|  |TAMS 0x0000000704e00000, 0x0000000704c00000| Untracked 
|   2|0x0000000704e00000, 0x0000000705000000, 0x0000000705000000|100%| O|  |TAMS 0x0000000705000000, 0x0000000704e00000| Untracked 
|   3|0x0000000705000000, 0x0000000705200000, 0x0000000705200000|100%| O|  |TAMS 0x0000000705200000, 0x0000000705000000| Untracked 
|   4|0x0000000705200000, 0x0000000705400000, 0x0000000705400000|100%| O|  |TAMS 0x0000000705400000, 0x0000000705200000| Untracked 
|   5|0x0000000705400000, 0x0000000705600000, 0x0000000705600000|100%| O|  |TAMS 0x0000000705600000, 0x0000000705400000| Untracked 
|   6|0x0000000705600000, 0x0000000705800000, 0x0000000705800000|100%| O|  |TAMS 0x0000000705800000, 0x0000000705600000| Untracked 
|   7|0x0000000705800000, 0x0000000705a00000, 0x0000000705a00000|100%| O|  |TAMS 0x0000000705a00000, 0x0000000705800000| Untracked 
|   8|0x0000000705a00000, 0x0000000705c00000, 0x0000000705c00000|100%| O|  |TAMS 0x0000000705c00000, 0x0000000705a00000| Untracked 
|   9|0x0000000705c00000, 0x0000000705e00000, 0x0000000705e00000|100%| O|  |TAMS 0x0000000705e00000, 0x0000000705c00000| Untracked 
|  10|0x0000000705e00000, 0x0000000706000000, 0x0000000706000000|100%| O|  |TAMS 0x0000000706000000, 0x0000000705e00000| Untracked 
|  11|0x0000000706000000, 0x0000000706200000, 0x0000000706200000|100%|HS|  |TAMS 0x0000000706200000, 0x0000000706000000| Complete 
|  12|0x0000000706200000, 0x0000000706400000, 0x0000000706400000|100%| O|  |TAMS 0x0000000706400000, 0x0000000706200000| Untracked 
|  13|0x0000000706400000, 0x0000000706600000, 0x0000000706600000|100%| O|  |TAMS 0x0000000706600000, 0x0000000706400000| Untracked 
|  14|0x0000000706600000, 0x0000000706800000, 0x0000000706800000|100%| O|  |TAMS 0x0000000706800000, 0x0000000706600000| Complete 
|  15|0x0000000706800000, 0x0000000706a00000, 0x0000000706a00000|100%| O|  |TAMS 0x0000000706a00000, 0x0000000706800000| Untracked 
|  16|0x0000000706a00000, 0x0000000706b3c800, 0x0000000706c00000| 61%| O|  |TAMS 0x0000000706a5be00, 0x0000000706a00000| Untracked 
|  17|0x0000000706c00000, 0x0000000706e00000, 0x0000000706e00000|100%|HS|  |TAMS 0x0000000706e00000, 0x0000000706c00000| Complete 
|  18|0x0000000706e00000, 0x0000000706e00000, 0x0000000707000000|  0%| F|  |TAMS 0x0000000706e00000, 0x0000000706e00000| Untracked 
|  19|0x0000000707000000, 0x0000000707200000, 0x0000000707200000|100%| O|  |TAMS 0x0000000707200000, 0x0000000707000000| Untracked 
|  20|0x0000000707200000, 0x0000000707400000, 0x0000000707400000|100%| O|  |TAMS 0x0000000707400000, 0x0000000707200000| Complete 
|  21|0x0000000707400000, 0x0000000707600000, 0x0000000707600000|100%| O|  |TAMS 0x0000000707600000, 0x0000000707400000| Complete 
|  22|0x0000000707600000, 0x0000000707800000, 0x0000000707800000|100%| O|  |TAMS 0x0000000707800000, 0x0000000707600000| Complete 
|  23|0x0000000707800000, 0x0000000707a00000, 0x0000000707a00000|100%| O|  |TAMS 0x0000000707a00000, 0x0000000707800000| Complete 
|  24|0x0000000707a00000, 0x0000000707a00000, 0x0000000707c00000|  0%| F|  |TAMS 0x0000000707a00000, 0x0000000707a00000| Untracked 
|  25|0x0000000707c00000, 0x0000000707c00000, 0x0000000707e00000|  0%| F|  |TAMS 0x0000000707c00000, 0x0000000707c00000| Untracked 
|  26|0x0000000707e00000, 0x0000000707e00000, 0x0000000708000000|  0%| F|  |TAMS 0x0000000707e00000, 0x0000000707e00000| Untracked 
|  27|0x0000000708000000, 0x0000000708000000, 0x0000000708200000|  0%| F|  |TAMS 0x0000000708000000, 0x0000000708000000| Untracked 
|  28|0x0000000708200000, 0x0000000708200000, 0x0000000708400000|  0%| F|  |TAMS 0x0000000708200000, 0x0000000708200000| Untracked 
|  29|0x0000000708400000, 0x0000000708400000, 0x0000000708600000|  0%| F|  |TAMS 0x0000000708400000, 0x0000000708400000| Untracked 
|  30|0x0000000708600000, 0x0000000708600000, 0x0000000708800000|  0%| F|  |TAMS 0x0000000708600000, 0x0000000708600000| Untracked 
|  31|0x0000000708800000, 0x0000000708800000, 0x0000000708a00000|  0%| F|  |TAMS 0x0000000708800000, 0x0000000708800000| Untracked 
|  32|0x0000000708a00000, 0x0000000708a00000, 0x0000000708c00000|  0%| F|  |TAMS 0x0000000708a00000, 0x0000000708a00000| Untracked 
|  33|0x0000000708c00000, 0x0000000708c00000, 0x0000000708e00000|  0%| F|  |TAMS 0x0000000708c00000, 0x0000000708c00000| Untracked 
|  34|0x0000000708e00000, 0x0000000708e00000, 0x0000000709000000|  0%| F|  |TAMS 0x0000000708e00000, 0x0000000708e00000| Untracked 
|  35|0x0000000709000000, 0x00000007090dfb60, 0x0000000709200000| 43%| S|CS|TAMS 0x0000000709000000, 0x0000000709000000| Complete 
|  36|0x0000000709200000, 0x0000000709400000, 0x0000000709400000|100%| S|CS|TAMS 0x0000000709200000, 0x0000000709200000| Complete 
|  37|0x0000000709400000, 0x0000000709400000, 0x0000000709600000|  0%| F|  |TAMS 0x0000000709400000, 0x0000000709400000| Untracked 
|  38|0x0000000709600000, 0x0000000709600000, 0x0000000709800000|  0%| F|  |TAMS 0x0000000709600000, 0x0000000709600000| Untracked 
|  39|0x0000000709800000, 0x0000000709800000, 0x0000000709a00000|  0%| F|  |TAMS 0x0000000709800000, 0x0000000709800000| Untracked 
|  40|0x0000000709a00000, 0x0000000709a00000, 0x0000000709c00000|  0%| F|  |TAMS 0x0000000709a00000, 0x0000000709a00000| Untracked 
|  41|0x0000000709c00000, 0x0000000709c00000, 0x0000000709e00000|  0%| F|  |TAMS 0x0000000709c00000, 0x0000000709c00000| Untracked 
|  42|0x0000000709e00000, 0x0000000709e00000, 0x000000070a000000|  0%| F|  |TAMS 0x0000000709e00000, 0x0000000709e00000| Untracked 
|  43|0x000000070a000000, 0x000000070a000000, 0x000000070a200000|  0%| F|  |TAMS 0x000000070a000000, 0x000000070a000000| Untracked 
| 103|0x0000000711800000, 0x000000071184dba0, 0x0000000711a00000| 15%| E|  |TAMS 0x0000000711800000, 0x0000000711800000| Complete 
| 104|0x0000000711a00000, 0x0000000711c00000, 0x0000000711c00000|100%| E|CS|TAMS 0x0000000711a00000, 0x0000000711a00000| Complete 
| 125|0x0000000714400000, 0x0000000714600000, 0x0000000714600000|100%| E|CS|TAMS 0x0000000714400000, 0x0000000714400000| Complete 
|2007|0x00000007ff800000, 0x00000007ffa00000, 0x00000007ffa00000|100%| O|  |TAMS 0x00000007ffa00000, 0x00000007ff800000| Complete 
|2008|0x00000007ffa00000, 0x00000007ffc00000, 0x00000007ffc00000|100%| O|  |TAMS 0x00000007ffc00000, 0x00000007ffa00000| Complete 
|2009|0x00000007ffc00000, 0x00000007ffe00000, 0x00000007ffe00000|100%| O|  |TAMS 0x00000007ffe00000, 0x00000007ffc00000| Untracked 
|2010|0x00000007ffe00000, 0x0000000800000000, 0x0000000800000000|100%| O|  |TAMS 0x0000000800000000, 0x00000007ffe00000| Complete 

Card table byte_map: [0x0000028ce4a10000,0x0000028ce51f0000] _byte_map_base: 0x0000028ce11eb000

Marking Bits (Prev, Next): (CMBitMap*) 0x0000028ccd14c7c0, (CMBitMap*) 0x0000028ccd14c800
 Prev Bits: [0x0000028ce59d0000, 0x0000028ce98a8000)
 Next Bits: [0x0000028ce98b0000, 0x0000028ced788000)

Polling page: 0x0000028ccafb0000

Metaspace:

Usage:
  Non-class:     27.50 MB used.
      Class:      3.58 MB used.
       Both:     31.08 MB used.

Virtual space:
  Non-class space:       64.00 MB reserved,      27.75 MB ( 43%) committed,  1 nodes.
      Class space:        1.00 GB reserved,       3.69 MB ( <1%) committed,  1 nodes.
             Both:        1.06 GB reserved,      31.44 MB (  3%) committed. 

Chunk freelists:
   Non-Class:  3.91 MB
       Class:  12.20 MB
        Both:  16.11 MB

MaxMetaspaceSize: unlimited
CompressedClassSpaceSize: 1.00 GB
Initial GC threshold: 21.00 MB
Current GC threshold: 51.38 MB
CDS: on
MetaspaceReclaimPolicy: balanced
 - commit_granule_bytes: 65536.
 - commit_granule_words: 8192.
 - virtual_space_node_default_size: 8388608.
 - enlarge_chunks_in_place: 1.
 - new_chunks_are_fully_committed: 0.
 - uncommit_free_chunks: 1.
 - use_allocation_guard: 0.
 - handle_deallocations: 1.


Internal statistics:

num_allocs_failed_limit: 3.
num_arena_births: 226.
num_arena_deaths: 0.
num_vsnodes_births: 2.
num_vsnodes_deaths: 0.
num_space_committed: 503.
num_space_uncommitted: 0.
num_chunks_returned_to_freelist: 3.
num_chunks_taken_from_freelist: 1332.
num_chunk_merges: 3.
num_chunk_splits: 924.
num_chunks_enlarged: 732.
num_inconsistent_stats: 0.

CodeHeap 'non-profiled nmethods': size=120000Kb used=2320Kb max_used=2349Kb free=117679Kb
 bounds [0x0000028cdc6a0000, 0x0000028cdc910000, 0x0000028ce3bd0000]
CodeHeap 'profiled nmethods': size=120000Kb used=10635Kb max_used=11396Kb free=109365Kb
 bounds [0x0000028cd4bd0000, 0x0000028cd5700000, 0x0000028cdc100000]
CodeHeap 'non-nmethods': size=5760Kb used=1247Kb max_used=1291Kb free=4512Kb
 bounds [0x0000028cdc100000, 0x0000028cdc370000, 0x0000028cdc6a0000]
 total_blobs=6426 nmethods=5870 adapters=468
 compilation: enabled
              stopped_count=0, restarted_count=0
 full_count=0

Compilation events (20 events):
Event: 13.615 Thread 0x0000028cf04b1f50 7008       2       java.lang.invoke.InvokerBytecodeGenerator::refKindOpcode (112 bytes)
Event: 13.617 Thread 0x0000028cf04b1f50 nmethod 7008 0x0000028cd5043210 code [0x0000028cd5043420, 0x0000028cd50438f8]
Event: 13.645 Thread 0x0000028cf04b1f50 7010       2       java.lang.invoke.BoundMethodHandle::editor (8 bytes)
Event: 13.645 Thread 0x0000028cf04b1f50 nmethod 7010 0x0000028cd5042d10 code [0x0000028cd5042ec0, 0x0000028cd50430a8]
Event: 13.649 Thread 0x0000028cf04b1f50 7011       3       java.lang.AbstractStringBuilder::append (45 bytes)
Event: 13.650 Thread 0x0000028cf04b1f50 nmethod 7011 0x0000028cd5042690 code [0x0000028cd5042860, 0x0000028cd5042ba8]
Event: 14.061 Thread 0x0000028cf04b1550 

Event: 14.062 Thread 0x0000028cf04b1550 6999       4       java.nio.Buffer::<init> (105 bytes)
Event: 14.069 Thread 0x0000028cf04b1550 nmethod 6999 0x0000028cdc801810 code [0x0000028cdc8019a0, 0x0000028cdc801cd8]
Event: 14.069 Thread 0x0000028cf04b1550 5701       4       java.time.LocalDate::create (190 bytes)
Event: 14.071 Thread 0x0000028cf04b1550 nmethod 5701 0x0000028cdc87b610 code [0x0000028cdc87b7a0, 0x0000028cdc87b8d8]
Event: 14.071 Thread 0x0000028cf04b1550 5702       4       java.time.chrono.ChronoLocalDateTime::toEpochSecond (50 bytes)
Event: 14.077 Thread 0x0000028cf04b1550 nmethod 5702 0x0000028cdc87af10 code [0x0000028cdc87b0a0, 0x0000028cdc87b3b8]
Event: 14.078 Thread 0x0000028cf04b1550 5733       4       java.time.ZoneRegion::getRules (23 bytes)
Event: 14.078 Thread 0x0000028cf04b1550 nmethod 5733 0x0000028cdc87ac10 code [0x0000028cdc87ad80, 0x0000028cdc87ae18]
Event: 14.078 Thread 0x0000028cf04b1550 5725       4       java.time.LocalDateTime::of (30 bytes)
Event: 14.092 Thread 0x0000028cf04b1550 nmethod 5725 0x0000028cdc879d10 code [0x0000028cdc879ee0, 0x0000028cdc87a558]
Event: 14.092 Thread 0x0000028cf04b1550 5730       4       java.time.LocalTime::of (51 bytes)
Event: 14.097 Thread 0x0000028cf04b1550 nmethod 5730 0x0000028cdc879590 code [0x0000028cdc879720, 0x0000028cdc8799f8]
Event: 14.098 Thread 0x0000028cf04b1550 5722       4       jdk.nio.zipfs.ZipFileSystem$Entry::<init> (68 bytes)

GC Heap History (20 events):
Event: 2.043 GC heap before
{Heap before GC invocations=0 (full 0):
 garbage-first heap   total 258048K, used 22528K [0x0000000704a00000, 0x0000000800000000)
  region size 2048K, 11 young (22528K), 0 survivors (0K)
 Metaspace       used 5548K, committed 5760K, reserved 1114112K
  class space    used 653K, committed 768K, reserved 1048576K
}
Event: 2.051 GC heap after
{Heap after GC invocations=1 (full 0):
 garbage-first heap   total 258048K, used 3847K [0x0000000704a00000, 0x0000000800000000)
  region size 2048K, 2 young (4096K), 2 survivors (4096K)
 Metaspace       used 5548K, committed 5760K, reserved 1114112K
  class space    used 653K, committed 768K, reserved 1048576K
}
Event: 2.738 GC heap before
{Heap before GC invocations=1 (full 0):
 garbage-first heap   total 258048K, used 34567K [0x0000000704a00000, 0x0000000800000000)
  region size 2048K, 17 young (34816K), 2 survivors (4096K)
 Metaspace       used 9879K, committed 9984K, reserved 1114112K
  class space    used 1202K, committed 1280K, reserved 1048576K
}
Event: 2.747 GC heap after
{Heap after GC invocations=2 (full 0):
 garbage-first heap   total 258048K, used 5494K [0x0000000704a00000, 0x0000000800000000)
  region size 2048K, 1 young (2048K), 1 survivors (2048K)
 Metaspace       used 9879K, committed 9984K, reserved 1114112K
  class space    used 1202K, committed 1280K, reserved 1048576K
}
Event: 6.628 GC heap before
{Heap before GC invocations=2 (full 0):
 garbage-first heap   total 258048K, used 157046K [0x0000000704a00000, 0x0000000800000000)
  region size 2048K, 75 young (153600K), 1 survivors (2048K)
 Metaspace       used 16933K, committed 17280K, reserved 1114112K
  class space    used 1957K, committed 2112K, reserved 1048576K
}
Event: 6.646 GC heap after
{Heap after GC invocations=3 (full 0):
 garbage-first heap   total 258048K, used 19405K [0x0000000704a00000, 0x0000000800000000)
  region size 2048K, 8 young (16384K), 8 survivors (16384K)
 Metaspace       used 16933K, committed 17280K, reserved 1114112K
  class space    used 1957K, committed 2112K, reserved 1048576K
}
Event: 8.638 GC heap before
{Heap before GC invocations=3 (full 0):
 garbage-first heap   total 258048K, used 60365K [0x0000000704a00000, 0x0000000800000000)
  region size 2048K, 29 young (59392K), 8 survivors (16384K)
 Metaspace       used 21224K, committed 21504K, reserved 1114112K
  class space    used 2410K, committed 2560K, reserved 1048576K
}
Event: 8.655 GC heap after
{Heap after GC invocations=4 (full 0):
 garbage-first heap   total 258048K, used 21950K [0x0000000704a00000, 0x0000000800000000)
  region size 2048K, 2 young (4096K), 2 survivors (4096K)
 Metaspace       used 21224K, committed 21504K, reserved 1114112K
  class space    used 2410K, committed 2560K, reserved 1048576K
}
Event: 11.205 GC heap before
{Heap before GC invocations=5 (full 0):
 garbage-first heap   total 96256K, used 79294K [0x0000000704a00000, 0x0000000800000000)
  region size 2048K, 28 young (57344K), 2 survivors (4096K)
 Metaspace       used 26905K, committed 27200K, reserved 1114112K
  class space    used 3084K, committed 3200K, reserved 1048576K
}
Event: 11.229 GC heap after
{Heap after GC invocations=6 (full 0):
 garbage-first heap   total 104448K, used 45714K [0x0000000704a00000, 0x0000000800000000)
  region size 2048K, 4 young (8192K), 4 survivors (8192K)
 Metaspace       used 26905K, committed 27200K, reserved 1114112K
  class space    used 3084K, committed 3200K, reserved 1048576K
}
Event: 11.286 GC heap before
{Heap before GC invocations=6 (full 0):
 garbage-first heap   total 104448K, used 47762K [0x0000000704a00000, 0x0000000800000000)
  region size 2048K, 5 young (10240K), 4 survivors (8192K)
 Metaspace       used 27095K, committed 27392K, reserved 1114112K
  class space    used 3111K, committed 3264K, reserved 1048576K
}
Event: 11.296 GC heap after
{Heap after GC invocations=7 (full 0):
 garbage-first heap   total 104448K, used 48611K [0x0000000704a00000, 0x0000000800000000)
  region size 2048K, 1 young (2048K), 1 survivors (2048K)
 Metaspace       used 27095K, committed 27392K, reserved 1114112K
  class space    used 3111K, committed 3264K, reserved 1048576K
}
Event: 11.717 GC heap before
{Heap before GC invocations=7 (full 0):
 garbage-first heap   total 104448K, used 77283K [0x0000000704a00000, 0x0000000800000000)
  region size 2048K, 15 young (30720K), 1 survivors (2048K)
 Metaspace       used 28021K, committed 28416K, reserved 1114112K
  class space    used 3232K, committed 3392K, reserved 1048576K
}
Event: 11.729 GC heap after
{Heap after GC invocations=8 (full 0):
 garbage-first heap   total 104448K, used 53248K [0x0000000704a00000, 0x0000000800000000)
  region size 2048K, 2 young (4096K), 2 survivors (4096K)
 Metaspace       used 28021K, committed 28416K, reserved 1114112K
  class space    used 3232K, committed 3392K, reserved 1048576K
}
Event: 11.816 GC heap before
{Heap before GC invocations=9 (full 0):
 garbage-first heap   total 104448K, used 53248K [0x0000000704a00000, 0x0000000800000000)
  region size 2048K, 4 young (8192K), 2 survivors (4096K)
 Metaspace       used 28045K, committed 28416K, reserved 1114112K
  class space    used 3232K, committed 3392K, reserved 1048576K
}
Event: 11.829 GC heap after
{Heap after GC invocations=10 (full 0):
 garbage-first heap   total 104448K, used 52506K [0x0000000704a00000, 0x0000000800000000)
  region size 2048K, 1 young (2048K), 1 survivors (2048K)
 Metaspace       used 28045K, committed 28416K, reserved 1114112K
  class space    used 3232K, committed 3392K, reserved 1048576K
}
Event: 12.792 GC heap before
{Heap before GC invocations=11 (full 0):
 garbage-first heap   total 104448K, used 77082K [0x0000000704a00000, 0x0000000800000000)
  region size 2048K, 12 young (24576K), 1 survivors (2048K)
 Metaspace       used 28932K, committed 29312K, reserved 1114112K
  class space    used 3346K, committed 3520K, reserved 1048576K
}
Event: 12.800 GC heap after
{Heap after GC invocations=12 (full 0):
 garbage-first heap   total 104448K, used 56204K [0x0000000704a00000, 0x0000000800000000)
  region size 2048K, 2 young (4096K), 2 survivors (4096K)
 Metaspace       used 28932K, committed 29312K, reserved 1114112K
  class space    used 3346K, committed 3520K, reserved 1048576K
}
Event: 13.472 GC heap before
{Heap before GC invocations=12 (full 0):
 garbage-first heap   total 104448K, used 74636K [0x0000000704a00000, 0x0000000800000000)
  region size 2048K, 12 young (24576K), 2 survivors (4096K)
 Metaspace       used 31185K, committed 31552K, reserved 1114112K
  class space    used 3585K, committed 3712K, reserved 1048576K
}
Event: 13.479 GC heap after
{Heap after GC invocations=13 (full 0):
 garbage-first heap   total 104448K, used 57456K [0x0000000704a00000, 0x0000000800000000)
  region size 2048K, 2 young (4096K), 2 survivors (4096K)
 Metaspace       used 31185K, committed 31552K, reserved 1114112K
  class space    used 3585K, committed 3712K, reserved 1048576K
}

Dll operation events (8 events):
Event: 0.033 Loaded shared library C:\Program Files\Eclipse Adoptium\jdk-17.0.9.9-hotspot\bin\java.dll
Event: 0.068 Loaded shared library C:\Program Files\Eclipse Adoptium\jdk-17.0.9.9-hotspot\bin\jsvml.dll
Event: 0.124 Loaded shared library C:\Program Files\Eclipse Adoptium\jdk-17.0.9.9-hotspot\bin\net.dll
Event: 0.130 Loaded shared library C:\Program Files\Eclipse Adoptium\jdk-17.0.9.9-hotspot\bin\nio.dll
Event: 0.144 Loaded shared library C:\Program Files\Eclipse Adoptium\jdk-17.0.9.9-hotspot\bin\zip.dll
Event: 0.338 Loaded shared library C:\Program Files\Eclipse Adoptium\jdk-17.0.9.9-hotspot\bin\jimage.dll
Event: 1.365 Loaded shared library D:\Softwares\apache-maven-3.9.5-bin\apache-maven-3.9.5\lib\jansi-native\Windows\x86_64\jansi.dll
Event: 1.418 Loaded shared library C:\Program Files\Eclipse Adoptium\jdk-17.0.9.9-hotspot\bin\verify.dll

Deoptimization events (20 events):
Event: 13.646 Thread 0x0000028cf664ce10 Uncommon trap: trap_request=0xffffff45 fr.pc=0x0000028cdc7751d4 relative=0x0000000000000514
Event: 13.646 Thread 0x0000028cf664ce10 Uncommon trap: reason=unstable_if action=reinterpret pc=0x0000028cdc7751d4 method=java.lang.AbstractStringBuilder.putStringAt(ILjava/lang/String;II)V @ 8 c2
Event: 13.646 Thread 0x0000028cf664ce10 DEOPT PACKING pc=0x0000028cdc7751d4 sp=0x000000e33c6fef50
Event: 13.646 Thread 0x0000028cf664ce10 DEOPT UNPACKING pc=0x0000028cdc1569a3 sp=0x000000e33c6fedd8 mode 2
Event: 13.646 Thread 0x0000028cf664ce10 Uncommon trap: trap_request=0xffffff45 fr.pc=0x0000028cdc777f58 relative=0x0000000000000518
Event: 13.646 Thread 0x0000028cf664ce10 Uncommon trap: reason=unstable_if action=reinterpret pc=0x0000028cdc777f58 method=java.lang.AbstractStringBuilder.putStringAt(ILjava/lang/String;II)V @ 8 c2
Event: 13.646 Thread 0x0000028cf664ce10 DEOPT PACKING pc=0x0000028cdc777f58 sp=0x000000e33c6feee0
Event: 13.646 Thread 0x0000028cf664ce10 DEOPT UNPACKING pc=0x0000028cdc1569a3 sp=0x000000e33c6fedd0 mode 2
Event: 13.646 Thread 0x0000028cf664ce10 Uncommon trap: trap_request=0xffffff45 fr.pc=0x0000028cdc747900 relative=0x00000000000003e0
Event: 13.646 Thread 0x0000028cf664ce10 Uncommon trap: reason=unstable_if action=reinterpret pc=0x0000028cdc747900 method=java.lang.StringBuilder.toString()Ljava/lang/String; @ 4 c2
Event: 13.646 Thread 0x0000028cf664ce10 DEOPT PACKING pc=0x0000028cdc747900 sp=0x000000e33c6fef60
Event: 13.646 Thread 0x0000028cf664ce10 DEOPT UNPACKING pc=0x0000028cdc1569a3 sp=0x000000e33c6fef40 mode 2
Event: 13.646 Thread 0x0000028cf664ce10 Uncommon trap: trap_request=0xffffff45 fr.pc=0x0000028cdc817b84 relative=0x0000000000000084
Event: 13.646 Thread 0x0000028cf664ce10 Uncommon trap: reason=unstable_if action=reinterpret pc=0x0000028cdc817b84 method=java.lang.String.codePointAt(I)I @ 4 c2
Event: 13.646 Thread 0x0000028cf664ce10 DEOPT PACKING pc=0x0000028cdc817b84 sp=0x000000e33c6feed0
Event: 13.646 Thread 0x0000028cf664ce10 DEOPT UNPACKING pc=0x0000028cdc1569a3 sp=0x000000e33c6fee68 mode 2
Event: 13.647 Thread 0x0000028cf664ce10 Uncommon trap: trap_request=0xffffffc6 fr.pc=0x0000028cdc800f8c relative=0x000000000000026c
Event: 13.647 Thread 0x0000028cf664ce10 Uncommon trap: reason=bimorphic_or_optimized_type_check action=maybe_recompile pc=0x0000028cdc800f8c method=java.util.regex.Matcher.getTextLength()I @ 4 c2
Event: 13.647 Thread 0x0000028cf664ce10 DEOPT PACKING pc=0x0000028cdc800f8c sp=0x000000e33c6fefc0
Event: 13.647 Thread 0x0000028cf664ce10 DEOPT UNPACKING pc=0x0000028cdc1569a3 sp=0x000000e33c6feef0 mode 2

Classes unloaded (0 events):
No events

Classes redefined (3 events):
Event: 0.105 Thread 0x0000028cf047cf80 redefined class name=java.io.FileOutputStream, count=1
Event: 0.106 Thread 0x0000028cf047cf80 redefined class name=java.io.File, count=1
Event: 0.107 Thread 0x0000028cf047cf80 redefined class name=java.net.URLStreamHandler, count=1

Internal exceptions (20 events):
Event: 12.130 Thread 0x0000028ccd0e1510 Exception <a 'sun/nio/fs/WindowsException'{0x0000000711b47ad8}> (0x0000000711b47ad8) 
thrown [s\src\hotspot\share\prims\jni.cpp, line 516]
Event: 12.130 Thread 0x0000028ccd0e1510 Exception <a 'sun/nio/fs/WindowsException'{0x0000000711b496f8}> (0x0000000711b496f8) 
thrown [s\src\hotspot\share\prims\jni.cpp, line 516]
Event: 12.130 Thread 0x0000028ccd0e1510 Exception <a 'sun/nio/fs/WindowsException'{0x0000000711b49cb0}> (0x0000000711b49cb0) 
thrown [s\src\hotspot\share\prims\jni.cpp, line 516]
Event: 12.143 Thread 0x0000028ccd0e1510 Exception <a 'sun/nio/fs/WindowsException'{0x0000000711b69d98}> (0x0000000711b69d98) 
thrown [s\src\hotspot\share\prims\jni.cpp, line 516]
Event: 12.143 Thread 0x0000028ccd0e1510 Exception <a 'sun/nio/fs/WindowsException'{0x0000000711b6a2a0}> (0x0000000711b6a2a0) 
thrown [s\src\hotspot\share\prims\jni.cpp, line 516]
Event: 12.143 Thread 0x0000028ccd0e1510 Exception <a 'sun/nio/fs/WindowsException'{0x0000000711b6be00}> (0x0000000711b6be00) 
thrown [s\src\hotspot\share\prims\jni.cpp, line 516]
Event: 12.143 Thread 0x0000028ccd0e1510 Exception <a 'sun/nio/fs/WindowsException'{0x0000000711b6c2e0}> (0x0000000711b6c2e0) 
thrown [s\src\hotspot\share\prims\jni.cpp, line 516]
Event: 12.143 Thread 0x0000028ccd0e1510 Exception <a 'sun/nio/fs/WindowsException'{0x0000000711b6e4f0}> (0x0000000711b6e4f0) 
thrown [s\src\hotspot\share\prims\jni.cpp, line 516]
Event: 12.143 Thread 0x0000028ccd0e1510 Exception <a 'sun/nio/fs/WindowsException'{0x0000000711b6e990}> (0x0000000711b6e990) 
thrown [s\src\hotspot\share\prims\jni.cpp, line 516]
Event: 12.144 Thread 0x0000028ccd0e1510 Exception <a 'sun/nio/fs/WindowsException'{0x0000000711b70f90}> (0x0000000711b70f90) 
thrown [s\src\hotspot\share\prims\jni.cpp, line 516]
Event: 12.144 Thread 0x0000028ccd0e1510 Exception <a 'sun/nio/fs/WindowsException'{0x0000000711b71470}> (0x0000000711b71470) 
thrown [s\src\hotspot\share\prims\jni.cpp, line 516]
Event: 12.144 Thread 0x0000028ccd0e1510 Exception <a 'sun/nio/fs/WindowsException'{0x0000000711b73090}> (0x0000000711b73090) 
thrown [s\src\hotspot\share\prims\jni.cpp, line 516]
Event: 12.144 Thread 0x0000028ccd0e1510 Exception <a 'sun/nio/fs/WindowsException'{0x0000000711b73630}> (0x0000000711b73630) 
thrown [s\src\hotspot\share\prims\jni.cpp, line 516]
Event: 12.207 Thread 0x0000028ccd0e1510 Exception <a 'sun/nio/fs/WindowsException'{0x000000070a027178}> (0x000000070a027178) 
thrown [s\src\hotspot\share\prims\jni.cpp, line 516]
Event: 13.016 Thread 0x0000028cf6359330 Exception <a 'java/lang/NoSuchMethodError'{0x0000000709f48198}: 'java.lang.Object java.lang.invoke.DirectMethodHandle$Holder.invokeStaticInit(java.lang.Object, java.lang.Object, long, java.lang.Object)'> (0x0000000709f48198) 
thrown [s\src\hotspot\share\interpreter\linkResolver.cpp, line 759]
Event: 13.017 Thread 0x0000028cf6359330 Exception <a 'java/lang/NoSuchMethodError'{0x0000000709f4e8d8}: 'java.lang.Object java.lang.invoke.DirectMethodHandle$Holder.newInvokeSpecial(java.lang.Object, java.lang.Object, long)'> (0x0000000709f4e8d8) 
thrown [s\src\hotspot\share\interpreter\linkResolver.cpp, line 759]
Event: 13.018 Thread 0x0000028cf6359330 Exception <a 'java/lang/NoSuchMethodError'{0x0000000709f52448}: 'java.lang.Object java.lang.invoke.Invokers$Holder.linkToTargetMethod(java.lang.Object, long, java.lang.Object)'> (0x0000000709f52448) 
thrown [s\src\hotspot\share\interpreter\linkResolver.cpp, line 759]
Event: 13.235 Thread 0x0000028ccd0e1510 Exception <a 'java/lang/NoSuchMethodError'{0x0000000709d01ae0}: 'java.lang.Object java.lang.invoke.DirectMethodHandle$Holder.invokeStaticInit(java.lang.Object, java.lang.Object, int, int, int, int)'> (0x0000000709d01ae0) 
thrown [s\src\hotspot\share\interpreter\linkResolver.cpp, line 759]
Event: 13.614 Thread 0x0000028ccd0e1510 Exception <a 'java/lang/NoSuchMethodError'{0x00000007145e4f00}: 'void java.lang.invoke.DirectMethodHandle$Holder.invokeStatic(java.lang.Object, long)'> (0x00000007145e4f00) 
thrown [s\src\hotspot\share\interpreter\linkResolver.cpp, line 759]
Event: 13.615 Thread 0x0000028ccd0e1510 Exception <a 'java/lang/NoSuchMethodError'{0x00000007145ea550}: 'java.lang.Object java.lang.invoke.DirectMethodHandle$Holder.newInvokeSpecial(java.lang.Object, long)'> (0x00000007145ea550) 
thrown [s\src\hotspot\share\interpreter\linkResolver.cpp, line 759]

VM Operations (20 events):
Event: 13.004 Executing VM operation: HandshakeAllThreads
Event: 13.004 Executing VM operation: HandshakeAllThreads done
Event: 13.114 Executing VM operation: HandshakeAllThreads
Event: 13.114 Executing VM operation: HandshakeAllThreads done
Event: 13.453 Executing VM operation: HandshakeAllThreads
Event: 13.453 Executing VM operation: HandshakeAllThreads done
Event: 13.458 Executing VM operation: HandshakeAllThreads
Event: 13.458 Executing VM operation: HandshakeAllThreads done
Event: 13.459 Executing VM operation: HandshakeAllThreads
Event: 13.459 Executing VM operation: HandshakeAllThreads done
Event: 13.472 Executing VM operation: G1CollectForAllocation
Event: 13.479 Executing VM operation: G1CollectForAllocation done
Event: 13.514 Executing VM operation: G1PauseRemark
Event: 13.522 Executing VM operation: G1PauseRemark done
Event: 13.541 Executing VM operation: G1PauseCleanup
Event: 13.541 Executing VM operation: G1PauseCleanup done
Event: 13.616 Executing VM operation: HandshakeAllThreads
Event: 13.616 Executing VM operation: HandshakeAllThreads done
Event: 13.621 Executing VM operation: HandshakeAllThreads
Event: 13.621 Executing VM operation: HandshakeAllThreads done

Events (20 events):
Event: 13.550 loading class java/lang/ProcessImpl done
Event: 13.615 loading class java/lang/ProcessImpl$2
Event: 13.615 loading class java/lang/ProcessImpl$2 done
Event: 13.615 loading class java/lang/Process$PipeInputStream
Event: 13.616 loading class java/lang/Process$PipeInputStream done
Event: 13.617 loading class jdk/internal/event/ProcessStartEvent
Event: 13.617 loading class jdk/internal/event/ProcessStartEvent done
Event: 13.618 loading class java/nio/channels/ClosedChannelException
Event: 13.619 loading class java/nio/channels/ClosedChannelException done
Event: 13.621 loading class java/nio/channels/NonReadableChannelException
Event: 13.621 loading class java/nio/channels/NonReadableChannelException done
Event: 13.623 loading class java/nio/channels/NonWritableChannelException
Event: 13.623 loading class java/nio/channels/NonWritableChannelException done
Event: 13.637 Thread 0x0000028cf664ce10 Thread added: 0x0000028cf664ce10
Event: 13.638 Thread 0x0000028cf664bee0 Thread added: 0x0000028cf664bee0
Event: 13.638 loading class java/util/Scanner
Event: 13.643 loading class java/util/Scanner done
Event: 13.646 loading class java/util/Scanner$PatternLRUCache
Event: 13.646 loading class java/util/Scanner$PatternLRUCache done
Event: 13.651 Thread 0x0000028cf664c900 Thread added: 0x0000028cf664c900


Dynamic libraries:
0x00007ff68e680000 - 0x00007ff68e68e000 	C:\Program Files\Eclipse Adoptium\jdk-17.0.9.9-hotspot\bin\java.exe
0x00007ffe04ab0000 - 0x00007ffe04ca8000 	C:\Windows\SYSTEM32\ntdll.dll
0x00007ffe04810000 - 0x00007ffe048cd000 	C:\Windows\System32\KERNEL32.DLL
0x00007ffe04510000 - 0x00007ffe04806000 	C:\Windows\System32\KERNELBASE.dll
0x000000007fc60000 - 0x000000007fc9c000 	C:\Windows\System32\cyinjct.dll
0x00007ffe04390000 - 0x00007ffe04399000 	C:\Windows\System32\ntnativeapi.dll
0x00007ffdff650000 - 0x00007ffdff667000 	C:\Program Files\Eclipse Adoptium\jdk-17.0.9.9-hotspot\bin\jli.dll
0x0000028ccab60000 - 0x0000028ccacff000 	C:\Windows\System32\USER32.dll
0x00007ffe02140000 - 0x00007ffe02162000 	C:\Windows\System32\win32u.dll
0x00007ffe03350000 - 0x00007ffe0337b000 	C:\Windows\System32\GDI32.dll
0x00007ffe02420000 - 0x00007ffe02537000 	C:\Windows\System32\gdi32full.dll
0x00007ffe02570000 - 0x00007ffe0260d000 	C:\Windows\System32\msvcp_win.dll
0x0000028ccad00000 - 0x0000028ccae00000 	C:\Windows\System32\ucrtbase.dll
0x00007ffdfd7e0000 - 0x00007ffdfd7fb000 	C:\Program Files\Eclipse Adoptium\jdk-17.0.9.9-hotspot\bin\VCRUNTIME140.dll
0x00007ffdeaf30000 - 0x00007ffdeb1ca000 	C:\Windows\WinSxS\amd64_microsoft.windows.common-controls_6595b64144ccf1df_6.0.19041.4355_none_60b8b9eb71f62e16\COMCTL32.dll
0x00007ffe026c0000 - 0x00007ffe0275e000 	C:\Windows\System32\msvcrt.dll
0x00007ffe04370000 - 0x00007ffe0438e000 	C:\Windows\System32\cyvera.dll
0x00007ffe04300000 - 0x00007ffe04370000 	C:\Windows\System32\cyvrtrap.dll
0x00007ffe040b0000 - 0x00007ffe040e2000 	C:\Windows\System32\IMM32.DLL
0x00007ffdff750000 - 0x00007ffdff75c000 	C:\Program Files\Eclipse Adoptium\jdk-17.0.9.9-hotspot\bin\vcruntime140_1.dll
0x00007ffdd74b0000 - 0x00007ffdd753d000 	C:\Program Files\Eclipse Adoptium\jdk-17.0.9.9-hotspot\bin\msvcp140.dll
0x00007ffd9ff30000 - 0x00007ffda0b91000 	C:\Program Files\Eclipse Adoptium\jdk-17.0.9.9-hotspot\bin\server\jvm.dll
0x00007ffe03790000 - 0x00007ffe03840000 	C:\Windows\System32\ADVAPI32.dll
0x00007ffe03840000 - 0x00007ffe038e0000 	C:\Windows\System32\sechost.dll
0x00007ffe043e0000 - 0x00007ffe04503000 	C:\Windows\System32\RPCRT4.dll
0x00007ffe02540000 - 0x00007ffe02567000 	C:\Windows\System32\bcrypt.dll
0x00007ffe01530000 - 0x00007ffe0157b000 	C:\Windows\SYSTEM32\POWRPROF.dll
0x00007ffddcc90000 - 0x00007ffddcc99000 	C:\Windows\SYSTEM32\WSOCK32.dll
0x00007ffe02a90000 - 0x00007ffe02afb000 	C:\Windows\System32\WS2_32.dll
0x00007ffdfa280000 - 0x00007ffdfa2a7000 	C:\Windows\SYSTEM32\WINMM.dll
0x00007ffded740000 - 0x00007ffded74a000 	C:\Windows\SYSTEM32\VERSION.dll
0x00007ffe013f0000 - 0x00007ffe01402000 	C:\Windows\SYSTEM32\UMPDC.dll
0x00007ffdffc80000 - 0x00007ffdffc92000 	C:\Windows\SYSTEM32\kernel.appcore.dll
0x00007ffdff690000 - 0x00007ffdff69a000 	C:\Program Files\Eclipse Adoptium\jdk-17.0.9.9-hotspot\bin\jimage.dll
0x00007ffdff420000 - 0x00007ffdff604000 	C:\Windows\SYSTEM32\DBGHELP.DLL
0x00007ffded700000 - 0x00007ffded734000 	C:\Windows\SYSTEM32\dbgcore.DLL
0x00007ffe02390000 - 0x00007ffe02412000 	C:\Windows\System32\bcryptPrimitives.dll
0x00007ffe042c0000 - 0x00007ffe042f7000 	C:\Program Files\Palo Alto Networks\Traps\cyjagent.dll
0x00007ffdfd7b0000 - 0x00007ffdfd7d5000 	C:\Program Files\Eclipse Adoptium\jdk-17.0.9.9-hotspot\bin\java.dll
0x00007ffdc3fe0000 - 0x00007ffdc40b7000 	C:\Program Files\Eclipse Adoptium\jdk-17.0.9.9-hotspot\bin\jsvml.dll
0x00007ffe02b10000 - 0x00007ffe0327b000 	C:\Windows\System32\SHELL32.dll
0x00007ffdffea0000 - 0x00007ffe0063d000 	C:\Windows\SYSTEM32\windows.storage.dll
0x00007ffe03430000 - 0x00007ffe03783000 	C:\Windows\System32\combase.dll
0x00007ffe01980000 - 0x00007ffe019ae000 	C:\Windows\SYSTEM32\Wldp.dll
0x00007ffe03280000 - 0x00007ffe0334d000 	C:\Windows\System32\OLEAUT32.dll
0x00007ffe02860000 - 0x00007ffe0290d000 	C:\Windows\System32\SHCORE.dll
0x00007ffe02910000 - 0x00007ffe02965000 	C:\Windows\System32\shlwapi.dll
0x00007ffe01f70000 - 0x00007ffe01f94000 	C:\Windows\SYSTEM32\profapi.dll
0x00007ffdfd770000 - 0x00007ffdfd789000 	C:\Program Files\Eclipse Adoptium\jdk-17.0.9.9-hotspot\bin\net.dll
0x00007ffdfb2c0000 - 0x00007ffdfb3ca000 	C:\Windows\SYSTEM32\WINHTTP.dll
0x00007ffe01760000 - 0x00007ffe017ca000 	C:\Windows\system32\mswsock.dll
0x00007ffdf22f0000 - 0x00007ffdf2306000 	C:\Program Files\Eclipse Adoptium\jdk-17.0.9.9-hotspot\bin\nio.dll
0x00007ffdeb240000 - 0x00007ffdeb258000 	C:\Program Files\Eclipse Adoptium\jdk-17.0.9.9-hotspot\bin\zip.dll
0x0000000069ac0000 - 0x0000000069ae4000 	D:\Softwares\apache-maven-3.9.5-bin\apache-maven-3.9.5\lib\jansi-native\Windows\x86_64\jansi.dll
0x00007ffdfd760000 - 0x00007ffdfd770000 	C:\Program Files\Eclipse Adoptium\jdk-17.0.9.9-hotspot\bin\verify.dll
0x00007ffe01170000 - 0x00007ffe011a3000 	C:\Windows\SYSTEM32\ntmarta.dll
0x00007ffe019c0000 - 0x00007ffe019d8000 	C:\Windows\SYSTEM32\CRYPTSP.dll
0x00007ffe01030000 - 0x00007ffe01064000 	C:\Windows\system32\rsaenh.dll
0x00007ffe01ee0000 - 0x00007ffe01f0e000 	C:\Windows\SYSTEM32\USERENV.dll
0x00007ffe018f0000 - 0x00007ffe018fc000 	C:\Windows\SYSTEM32\CRYPTBASE.dll
0x00007ffe01410000 - 0x00007ffe0144b000 	C:\Windows\SYSTEM32\IPHLPAPI.DLL
0x00007ffe02b00000 - 0x00007ffe02b08000 	C:\Windows\System32\NSI.dll
0x00007ffdfa410000 - 0x00007ffdfa427000 	C:\Windows\SYSTEM32\dhcpcsvc6.DLL
0x00007ffdfa3f0000 - 0x00007ffdfa40d000 	C:\Windows\SYSTEM32\dhcpcsvc.DLL
0x00007ffe01460000 - 0x00007ffe0152b000 	C:\Windows\SYSTEM32\DNSAPI.dll

dbghelp: loaded successfully - version: 4.0.5 - missing functions: none
symbol engine: initialized successfully - sym options: 0x614 - pdb path: .;C:\Program Files\Eclipse Adoptium\jdk-17.0.9.9-hotspot\bin;C:\Windows\SYSTEM32;C:\Windows\WinSxS\amd64_microsoft.windows.common-controls_6595b64144ccf1df_6.0.19041.4355_none_60b8b9eb71f62e16;C:\Program Files\Eclipse Adoptium\jdk-17.0.9.9-hotspot\bin\server;C:\Program Files\Palo Alto Networks\Traps;D:\Softwares\apache-maven-3.9.5-bin\apache-maven-3.9.5\lib\jansi-native\Windows\x86_64

VM Arguments:
jvm_args: -Dclassworlds.conf=D:\Softwares\apache-maven-3.9.5-bin\apache-maven-3.9.5\bin\m2.conf -Dmaven.home=D:\Softwares\apache-maven-3.9.5-bin\apache-maven-3.9.5 -Dlibrary.jansi.path=D:\Softwares\apache-maven-3.9.5-bin\apache-maven-3.9.5\lib\jansi-native -Dmaven.multiModuleProjectDirectory=C:\Users\danish\eclipse-workspace\Basyx2.0\basyx-java-server-sdk\basyx.aasregistry\basyx.aasregistry-service-release-log-mem -agentpath:C:\Program Files\Palo Alto Networks\Traps\cyjagent.dll 
java_command: org.codehaus.plexus.classworlds.launcher.Launcher clean install
java_class_path (initial): D:\Softwares\apache-maven-3.9.5-bin\apache-maven-3.9.5\boot\plexus-classworlds-2.7.0.jar
Launcher Type: SUN_STANDARD

[Global flags]
     intx CICompilerCount                          = 4                                         {product} {ergonomic}
     uint ConcGCThreads                            = 3                                         {product} {ergonomic}
     uint G1ConcRefinementThreads                  = 10                                        {product} {ergonomic}
   size_t G1HeapRegionSize                         = 2097152                                   {product} {ergonomic}
    uintx GCDrainStackTargetSize                   = 64                                        {product} {ergonomic}
   size_t InitialHeapSize                          = 264241152                                 {product} {ergonomic}
   size_t MarkStackSize                            = 4194304                                   {product} {ergonomic}
   size_t MaxHeapSize                              = 4217372672                                {product} {ergonomic}
   size_t MaxNewSize                               = 2529165312                                {product} {ergonomic}
   size_t MinHeapDeltaBytes                        = 2097152                                   {product} {ergonomic}
   size_t MinHeapSize                              = 8388608                                   {product} {ergonomic}
    uintx NonNMethodCodeHeapSize                   = 5839372                                {pd product} {ergonomic}
    uintx NonProfiledCodeHeapSize                  = 122909434                              {pd product} {ergonomic}
    uintx ProfiledCodeHeapSize                     = 122909434                              {pd product} {ergonomic}
    uintx ReservedCodeCacheSize                    = 251658240                              {pd product} {ergonomic}
     bool SegmentedCodeCache                       = true                                      {product} {ergonomic}
   size_t SoftMaxHeapSize                          = 4217372672                             {manageable} {ergonomic}
     bool UseCompressedClassPointers               = true                           {product lp64_product} {ergonomic}
     bool UseCompressedOops                        = true                           {product lp64_product} {ergonomic}
     bool UseG1GC                                  = true                                      {product} {ergonomic}
     bool UseLargePagesIndividualAllocation        = false                                  {pd product} {ergonomic}

Logging:
Log output configuration:
 #0: stdout all=warning uptime,level,tags
 #1: stderr all=off uptime,level,tags

Environment Variables:
PATH=C:\Program Files\Eclipse Adoptium\jdk-17.0.9.9-hotspot\bin;C:\Windows\system32;C:\Windows;C:\Windows\System32\Wbem;C:\Windows\System32\WindowsPowerShell\v1.0\;C:\Windows\System32\OpenSSH\;C:\Program Files\Docker\Docker\resources\bin;C:\Program Files\Git\cmd;D:\Softwares\apache-maven-3.9.5-bin\apache-maven-3.9.5\bin;C:\Program Files\TortoiseGit\bin;C:\Program Files\dotnet\;C:\Program Files (x86)\Microsoft SQL Server\160\Tools\Binn\;C:\Program Files\Microsoft SQL Server\160\Tools\Binn\;C:\Program Files\Microsoft SQL Server\Client SDK\ODBC\170\Tools\Binn\;C:\Program Files\Microsoft SQL Server\160\DTS\Binn\;C:\Program Files (x86)\Microsoft SQL Server\160\DTS\Binn\;C:\Program Files\Azure Data Studio\bin;D:\Softwares\helm\helm-v3.13.3-windows-amd64\windows-amd64;D:\Softwares\helm\kubectl-cert_manager-windows-amd64.tar\kubectl-cert_manager-windows-amd64;C:\Users\danish\kubectl-cert-manager.tar\kubectl-cert-manager;D:\Softwares\jq;D:\Softwares\jq_1_6;D:\Softwares\kustomize_v5.3.0_windows_amd64;C:\Program Files (x86)\Sennheiser\SenncomSDK\;D:\Softwares\apache-maven-3.9.5-bin\bin;C:\Users\danish\AppData\Local\anaconda3\Scripts;C:\Users\danish\AppData\Local\anaconda3;C:\Program Files\WireGuard\;C:\Program Files\TortoiseSVN\bin;C:\Program Files\nodejs\;C:\Program Files\Kubernetes\Minikube;C:\Users\danish\AppData\Local\Microsoft\WindowsApps;;C:\Users\danish\AppData\Local\Microsoft\WinGet\Packages\Kubernetes.kubectl_Microsoft.Winget.Source_8wekyb3d8bbwe;C:\Users\danish\AppData\Local\Programs\Microsoft VS Code\bin;C:\Users\danish\AppData\Roaming\npm
USERNAME=danish
OS=Windows_NT
PROCESSOR_IDENTIFIER=Intel64 Family 6 Model 154 Stepping 4, GenuineIntel
TMP=C:\Users\danish\AppData\Local\Temp
TEMP=C:\Users\danish\AppData\Local\Temp



Periodic native trim disabled


---------------  S Y S T E M  ---------------

OS:
 Windows 10 , 64 bit Build 19041 (10.0.19041.3636)
OS uptime: 2 days 2:03 hours
Hyper-V role detected

CPU: total 12 (initial active 12) (6 cores per cpu, 2 threads per core) family 6 model 154 stepping 4 microcode 0x42c, cx8, cmov, fxsr, ht, mmx, 3dnowpref, sse, sse2, sse3, ssse3, sse4.1, sse4.2, popcnt, lzcnt, tsc, tscinvbit, avx, avx2, aes, erms, clmul, bmi1, bmi2, adx, sha, fma, vzeroupper, clflush, clflushopt, clwb, hv
Processor Information for all 12 processors :
  Max Mhz: 1700, Current Mhz: 1700, Mhz Limit: 1700

Memory: 4k page, system-wide physical 16083M (223M free)
TotalPageFile size 58315M (AvailPageFile size 0M)
current process WorkingSet (physical memory assigned to process): 239M, peak: 288M
current process commit charge ("private bytes"): 276M, peak: 406M

vm_info: OpenJDK 64-Bit Server VM (17.0.9+9) for windows-amd64 JRE (17.0.9+9), built on Oct 26 2023 14:01:42 by "admin" with MS VC++ 16.10 / 16.11 (VS2019)

END.
