#
# There is insufficient memory for the Java Runtime Environment to continue.
# Native memory allocation (mmap) failed to map 115343360 bytes for G1 virtual space
# Possible reasons:
#   The system is out of physical RAM or swap space
#   The process is running with CompressedOops enabled, and the Java Heap may be blocking the growth of the native heap
# Possible solutions:
#   Reduce memory load on the system
#   Increase physical memory or swap space
#   Check if swap backing store is full
#   Decrease Java heap size (-Xmx/-Xms)
#   Decrease number of Java threads
#   Decrease Java thread stack sizes (-Xss)
#   Set larger code cache with -XX:ReservedCodeCacheSize=
#   JVM is running with Zero Based Compressed Oops mode in which the Java heap is
#     placed in the first 32GB address space. The Java Heap base address is the
#     maximum limit for the native heap growth. Please use -XX:HeapBaseMinAddress
#     to set the Java Heap base and to place the Java Heap above 32GB virtual address.
# This output file may be truncated or incomplete.
#
#  Out of Memory Error (os_windows.cpp:3617), pid=14700, tid=75536
#
# JRE version: OpenJDK Runtime Environment Temurin-17.0.8.1+1 (17.0.8.1+1) (build 17.0.8.1+1)
# Java VM: OpenJDK 64-Bit Server VM Temurin-17.0.8.1+1 (17.0.8.1+1, mixed mode, tiered, compressed oops, compressed class ptrs, g1 gc, windows-amd64)
# No core dump will be written. Minidumps are not enabled by default on client versions of Windows
#

---------------  S U M M A R Y ------------

Command Line: -Dmaven.home=D:\Softwares\apache-maven-3.9.5-bin\apache-maven-3.9.5 -Dclassworlds.conf=C:\Users\danish\eclipse-workspace\.metadata\.plugins\org.eclipse.m2e.launching\launches\m2conf1872283007864051402.tmp -Dmaven.multiModuleProjectDirectory=C:\Users\danish\eclipse-workspace\Basyx2.0\basyx-java-server-sdk\basyx.submodelregistry\basyx.submodelregistry-client-native -Dfile.encoding=UTF-8 -Dstdout.encoding=UTF-8 -Dstderr.encoding=UTF-8 -XX:+ShowCodeDetailsInExceptionMessages -agentpath:C:\Program Files\Palo Alto Networks\Traps\cyjagent.dll org.codehaus.plexus.classworlds.launcher.Launcher -B -Dstyle.color=always clean install

Host: 12th Gen Intel(R) Core(TM) i7-1255U, 12 cores, 15G,  Windows 10 , 64 bit Build 19041 (10.0.19041.3636)
Time: Fri May 31 15:28:21 2024 W. Europe Daylight Time elapsed time: 19.483973 seconds (0d 0h 0m 19s)

---------------  T H R E A D  ---------------

Current thread (0x000002156da41630):  VMThread "VM Thread" [stack: 0x00000085ec700000,0x00000085ec800000] [id=75536]

Stack: [0x00000085ec700000,0x00000085ec800000]
Native frames: (J=compiled Java code, j=interpreted, Vv=VM code, C=native code)
V  [jvm.dll+0x678b0a]
V  [jvm.dll+0x835e84]
V  [jvm.dll+0x83762e]
V  [jvm.dll+0x837c93]
V  [jvm.dll+0x24746f]
V  [jvm.dll+0x675859]
V  [jvm.dll+0x66a0ea]
V  [jvm.dll+0x306c7b]
V  [jvm.dll+0x30e166]
V  [jvm.dll+0x35dd3e]
V  [jvm.dll+0x35df6f]
V  [jvm.dll+0x2ddb48]
V  [jvm.dll+0x2dbd0c]
V  [jvm.dll+0x2db2dc]
V  [jvm.dll+0x31f18b]
V  [jvm.dll+0x83c15b]
V  [jvm.dll+0x83ce94]
V  [jvm.dll+0x83d3ac]
V  [jvm.dll+0x83d784]
V  [jvm.dll+0x83d850]
V  [jvm.dll+0x7e64ca]
V  [jvm.dll+0x677955]
C  [ucrtbase.dll+0x21bb2]
C  [cyinjct.dll+0x11e7]
C  [KERNEL32.DLL+0x17344]
C  [ntdll.dll+0x526b1]

VM_Operation (0x00000085ec1fb940): G1CollectForAllocation, mode: safepoint, requested by thread 0x000002154ca0fe10


---------------  P R O C E S S  ---------------

Threads class SMR info:
_java_thread_list=0x000002157287c3d0, length=16, elements={
0x000002154ca0fe10, 0x000002156d44e410, 0x000002156da486f0, 0x000002156d4362f0,
0x000002156d4292b0, 0x000002156d429b80, 0x000002156da69630, 0x000002156da75f60,
0x000002156da76a80, 0x000002156da7b7c0, 0x000002156dbf6030, 0x000002156dc00b40,
0x0000021572e4dd10, 0x00000215727ea3d0, 0x0000021572fa2aa0, 0x0000021573252d20
}

Java Threads: ( => current thread )
  0x000002154ca0fe10 JavaThread "main" [_thread_blocked, id=78328, stack(0x00000085ec100000,0x00000085ec200000)]
  0x000002156d44e410 JavaThread "Reference Handler" daemon [_thread_blocked, id=77176, stack(0x00000085ec800000,0x00000085ec900000)]
  0x000002156da486f0 JavaThread "Finalizer" daemon [_thread_blocked, id=78264, stack(0x00000085ec900000,0x00000085eca00000)]
  0x000002156d4362f0 JavaThread "Signal Dispatcher" daemon [_thread_blocked, id=72536, stack(0x00000085eca00000,0x00000085ecb00000)]
  0x000002156d4292b0 JavaThread "Attach Listener" daemon [_thread_blocked, id=76668, stack(0x00000085ecb00000,0x00000085ecc00000)]
  0x000002156d429b80 JavaThread "Service Thread" daemon [_thread_blocked, id=77464, stack(0x00000085ecc00000,0x00000085ecd00000)]
  0x000002156da69630 JavaThread "Monitor Deflation Thread" daemon [_thread_blocked, id=78344, stack(0x00000085ecd00000,0x00000085ece00000)]
  0x000002156da75f60 JavaThread "C2 CompilerThread0" daemon [_thread_blocked, id=78844, stack(0x00000085ece00000,0x00000085ecf00000)]
  0x000002156da76a80 JavaThread "C1 CompilerThread0" daemon [_thread_blocked, id=74396, stack(0x00000085ecf00000,0x00000085ed000000)]
  0x000002156da7b7c0 JavaThread "Sweeper thread" daemon [_thread_blocked, id=74144, stack(0x00000085ed000000,0x00000085ed100000)]
  0x000002156dbf6030 JavaThread "Notification Thread" daemon [_thread_blocked, id=76976, stack(0x00000085ed100000,0x00000085ed200000)]
  0x000002156dc00b40 JavaThread "Common-Cleaner" daemon [_thread_blocked, id=76844, stack(0x00000085ed300000,0x00000085ed400000)]
  0x0000021572e4dd10 JavaThread "ForkJoinPool.commonPool-worker-1" daemon [_thread_blocked, id=14152, stack(0x00000085edf00000,0x00000085ee000000)]
  0x00000215727ea3d0 JavaThread "ForkJoinPool.commonPool-worker-2" daemon [_thread_blocked, id=77092, stack(0x00000085ee000000,0x00000085ee100000)]
  0x0000021572fa2aa0 JavaThread "ForkJoinPool.commonPool-worker-3" daemon [_thread_blocked, id=77548, stack(0x00000085ee100000,0x00000085ee200000)]
  0x0000021573252d20 JavaThread "ForkJoinPool.commonPool-worker-4" daemon [_thread_blocked, id=78596, stack(0x00000085ee200000,0x00000085ee300000)]

Other Threads:
=>0x000002156da41630 VMThread "VM Thread" [stack: 0x00000085ec700000,0x00000085ec800000] [id=75536]
  0x000002156dbfbd60 WatcherThread [stack: 0x00000085ed200000,0x00000085ed300000] [id=75716]
  0x000002154ca790b0 GCTaskThread "GC Thread#0" [stack: 0x00000085ec200000,0x00000085ec300000] [id=74720]
  0x000002156dc35830 GCTaskThread "GC Thread#1" [stack: 0x00000085ed400000,0x00000085ed500000] [id=78616]
  0x000002157283a830 GCTaskThread "GC Thread#2" [stack: 0x00000085ed500000,0x00000085ed600000] [id=78600]
  0x000002157206e850 GCTaskThread "GC Thread#3" [stack: 0x00000085ed600000,0x00000085ed700000] [id=76244]
  0x00000215727eaaa0 GCTaskThread "GC Thread#4" [stack: 0x00000085ed700000,0x00000085ed800000] [id=75680]
  0x0000021572a05c40 GCTaskThread "GC Thread#5" [stack: 0x00000085ed800000,0x00000085ed900000] [id=70888]
  0x00000215727e9c40 GCTaskThread "GC Thread#6" [stack: 0x00000085ed900000,0x00000085eda00000] [id=74236]
  0x00000215727ea110 GCTaskThread "GC Thread#7" [stack: 0x00000085eda00000,0x00000085edb00000] [id=73200]
  0x0000021573143000 GCTaskThread "GC Thread#8" [stack: 0x00000085edb00000,0x00000085edc00000] [id=77524]
  0x0000021572df4900 GCTaskThread "GC Thread#9" [stack: 0x00000085edc00000,0x00000085edd00000] [id=75600]
  0x000002154ca8aa70 ConcurrentGCThread "G1 Main Marker" [stack: 0x00000085ec300000,0x00000085ec400000] [id=74880]
  0x000002154ca8bf00 ConcurrentGCThread "G1 Conc#0" [stack: 0x00000085ec400000,0x00000085ec500000] [id=77996]
  0x0000021572c10c20 ConcurrentGCThread "G1 Conc#1" [stack: 0x00000085edd00000,0x00000085ede00000] [id=72392]
  0x0000021572c104b0 ConcurrentGCThread "G1 Conc#2" [stack: 0x00000085ede00000,0x00000085edf00000] [id=78064]
  0x000002156d31a5d0 ConcurrentGCThread "G1 Refine#0" [stack: 0x00000085ec500000,0x00000085ec600000] [id=78040]
  0x000002156d31af10 ConcurrentGCThread "G1 Service" [stack: 0x00000085ec600000,0x00000085ec700000] [id=78364]

Threads with active compile tasks:
C2 CompilerThread0    19630 12383 %     4       org.apache.maven.model.inheritance.DefaultInheritanceAssembler$InheritanceModelMerger::mergePluginContainer_Plugins @ 49 (433 bytes)

VM state: at safepoint (normal execution)

VM Mutex/Monitor currently owned by a thread:  ([mutex/lock_event])
[0x000002154ca0a340] Threads_lock - owner thread: 0x000002156da41630
[0x000002154ca0b8a0] Heap_lock - owner thread: 0x000002154ca0fe10

Heap address: 0x0000000704a00000, size: 4022 MB, Compressed Oops mode: Zero based, Oop shift amount: 3

CDS archive(s) not mapped
Compressed class space mapped at: 0x0000000800000000-0x0000000840000000, reserved size: 1073741824
Narrow klass base: 0x0000000800000000, Narrow klass shift: 0, Narrow klass range: 0x40000000

GC Precious Log:
 CPUs: 12 total, 12 available
 Memory: 16083M
 Large Page Support: Disabled
 NUMA Support: Disabled
 Compressed Oops: Enabled (Zero based)
 Heap Region Size: 2M
 Heap Min Capacity: 8M
 Heap Initial Capacity: 252M
 Heap Max Capacity: 4022M
 Pre-touch: Disabled
 Parallel Workers: 10
 Concurrent Workers: 3
 Concurrent Refinement Workers: 10
 Periodic GC: Disabled

Heap:
 garbage-first heap   total 137216K, used 60454K [0x0000000704a00000, 0x0000000800000000)
  region size 2048K, 2 young (4096K), 2 survivors (4096K)
 Metaspace       used 63890K, committed 64448K, reserved 1114112K
  class space    used 7025K, committed 7296K, reserved 1048576K

Heap Regions: E=young(eden), S=young(survivor), O=old, HS=humongous(starts), HC=humongous(continues), CS=collection set, F=free, OA=open archive, CA=closed archive, TAMS=top-at-mark-start (previous, next)
|   0|0x0000000704a00000, 0x0000000704c00000, 0x0000000704c00000|100%| O|  |TAMS 0x0000000704c00000, 0x0000000704a00000| Untracked 
|   1|0x0000000704c00000, 0x0000000704e00000, 0x0000000704e00000|100%| O|  |TAMS 0x0000000704e00000, 0x0000000704c00000| Untracked 
|   2|0x0000000704e00000, 0x0000000705000000, 0x0000000705000000|100%| O|  |TAMS 0x0000000705000000, 0x0000000704e00000| Untracked 
|   3|0x0000000705000000, 0x0000000705200000, 0x0000000705200000|100%| O|  |TAMS 0x0000000705200000, 0x0000000705000000| Untracked 
|   4|0x0000000705200000, 0x0000000705400000, 0x0000000705400000|100%| O|  |TAMS 0x0000000705400000, 0x0000000705200000| Untracked 
|   5|0x0000000705400000, 0x0000000705600000, 0x0000000705600000|100%| O|  |TAMS 0x0000000705600000, 0x0000000705400000| Untracked 
|   6|0x0000000705600000, 0x0000000705800000, 0x0000000705800000|100%| O|  |TAMS 0x0000000705800000, 0x0000000705600000| Untracked 
|   7|0x0000000705800000, 0x0000000705800000, 0x0000000705a00000|  0%| F|  |TAMS 0x0000000705800000, 0x0000000705800000| Untracked 
|   8|0x0000000705a00000, 0x0000000705c00000, 0x0000000705c00000|100%| O|  |TAMS 0x0000000705c00000, 0x0000000705a00000| Untracked 
|   9|0x0000000705c00000, 0x0000000705e00000, 0x0000000705e00000|100%| O|  |TAMS 0x0000000705e00000, 0x0000000705c00000| Untracked 
|  10|0x0000000705e00000, 0x0000000706000000, 0x0000000706000000|100%| O|  |TAMS 0x0000000706000000, 0x0000000705e00000| Untracked 
|  11|0x0000000706000000, 0x0000000706000000, 0x0000000706200000|  0%| F|  |TAMS 0x0000000706000000, 0x0000000706000000| Untracked 
|  12|0x0000000706200000, 0x0000000706400000, 0x0000000706400000|100%| O|  |TAMS 0x0000000706400000, 0x0000000706200000| Untracked 
|  13|0x0000000706400000, 0x0000000706600000, 0x0000000706600000|100%| O|  |TAMS 0x0000000706600000, 0x0000000706400000| Untracked 
|  14|0x0000000706600000, 0x0000000706800000, 0x0000000706800000|100%| O|  |TAMS 0x0000000706800000, 0x0000000706600000| Untracked 
|  15|0x0000000706800000, 0x0000000706a00000, 0x0000000706a00000|100%| O|  |TAMS 0x0000000706a00000, 0x0000000706800000| Untracked 
|  16|0x0000000706a00000, 0x0000000706c00000, 0x0000000706c00000|100%| O|  |TAMS 0x0000000706c00000, 0x0000000706a00000| Untracked 
|  17|0x0000000706c00000, 0x0000000706e00000, 0x0000000706e00000|100%| O|  |TAMS 0x0000000706e00000, 0x0000000706c00000| Untracked 
|  18|0x0000000706e00000, 0x0000000707000000, 0x0000000707000000|100%|HS|  |TAMS 0x0000000707000000, 0x0000000706e00000| Complete 
|  19|0x0000000707000000, 0x0000000707200000, 0x0000000707200000|100%| O|  |TAMS 0x0000000707200000, 0x0000000707000000| Untracked 
|  20|0x0000000707200000, 0x0000000707200000, 0x0000000707400000|  0%| F|  |TAMS 0x0000000707200000, 0x0000000707200000| Untracked 
|  21|0x0000000707400000, 0x0000000707600000, 0x0000000707600000|100%| O|  |TAMS 0x0000000707600000, 0x0000000707400000| Untracked 
|  22|0x0000000707600000, 0x0000000707600000, 0x0000000707800000|  0%| F|  |TAMS 0x0000000707600000, 0x0000000707600000| Untracked 
|  23|0x0000000707800000, 0x0000000707800000, 0x0000000707a00000|  0%| F|  |TAMS 0x0000000707800000, 0x0000000707800000| Untracked 
|  24|0x0000000707a00000, 0x0000000707a00000, 0x0000000707c00000|  0%| F|  |TAMS 0x0000000707a00000, 0x0000000707a00000| Untracked 
|  25|0x0000000707c00000, 0x0000000707e00000, 0x0000000707e00000|100%| O|  |TAMS 0x0000000707e00000, 0x0000000707c00000| Untracked 
|  26|0x0000000707e00000, 0x0000000707e00000, 0x0000000708000000|  0%| F|  |TAMS 0x0000000707e00000, 0x0000000707e00000| Untracked 
|  27|0x0000000708000000, 0x0000000708200000, 0x0000000708200000|100%| O|  |TAMS 0x0000000708200000, 0x0000000708000000| Untracked 
|  28|0x0000000708200000, 0x0000000708400000, 0x0000000708400000|100%| O|  |TAMS 0x0000000708400000, 0x0000000708200000| Untracked 
|  29|0x0000000708400000, 0x0000000708600000, 0x0000000708600000|100%| O|  |TAMS 0x0000000708600000, 0x0000000708400000| Untracked 
|  30|0x0000000708600000, 0x0000000708800000, 0x0000000708800000|100%|HS|  |TAMS 0x0000000708800000, 0x0000000708600000| Complete 
|  31|0x0000000708800000, 0x0000000708a00000, 0x0000000708a00000|100%| O|  |TAMS 0x0000000708a00000, 0x0000000708800000| Untracked 
|  32|0x0000000708a00000, 0x0000000708c00000, 0x0000000708c00000|100%| O|  |TAMS 0x0000000708a32400, 0x0000000708a00000| Untracked 
|  33|0x0000000708c00000, 0x0000000708e00000, 0x0000000708e00000|100%| O|  |TAMS 0x0000000708c00000, 0x0000000708c00000| Untracked 
|  34|0x0000000708e00000, 0x0000000709000000, 0x0000000709000000|100%| O|  |TAMS 0x0000000708e00000, 0x0000000708e00000| Untracked 
|  35|0x0000000709000000, 0x00000007090c4800, 0x0000000709200000| 38%| O|  |TAMS 0x0000000709000000, 0x0000000709000000| Untracked 
|  36|0x0000000709200000, 0x0000000709200000, 0x0000000709400000|  0%| F|  |TAMS 0x0000000709200000, 0x0000000709200000| Untracked 
|  37|0x0000000709400000, 0x0000000709400000, 0x0000000709600000|  0%| F|  |TAMS 0x0000000709400000, 0x0000000709400000| Untracked 
|  38|0x0000000709600000, 0x0000000709600000, 0x0000000709800000|  0%| F|  |TAMS 0x0000000709600000, 0x0000000709600000| Untracked 
|  39|0x0000000709800000, 0x00000007098452e8, 0x0000000709a00000| 13%| S|CS|TAMS 0x0000000709800000, 0x0000000709800000| Complete 
|  40|0x0000000709a00000, 0x0000000709c00000, 0x0000000709c00000|100%| S|CS|TAMS 0x0000000709a00000, 0x0000000709a00000| Complete 
|  41|0x0000000709c00000, 0x0000000709c00000, 0x0000000709e00000|  0%| F|  |TAMS 0x0000000709c00000, 0x0000000709c00000| Untracked 
|  42|0x0000000709e00000, 0x0000000709e00000, 0x000000070a000000|  0%| F|  |TAMS 0x0000000709e00000, 0x0000000709e00000| Untracked 
|  43|0x000000070a000000, 0x000000070a000000, 0x000000070a200000|  0%| F|  |TAMS 0x000000070a000000, 0x000000070a000000| Untracked 
|  44|0x000000070a200000, 0x000000070a200000, 0x000000070a400000|  0%| F|  |TAMS 0x000000070a200000, 0x000000070a200000| Untracked 
|  45|0x000000070a400000, 0x000000070a400000, 0x000000070a600000|  0%| F|  |TAMS 0x000000070a400000, 0x000000070a400000| Untracked 
|  46|0x000000070a600000, 0x000000070a600000, 0x000000070a800000|  0%| F|  |TAMS 0x000000070a600000, 0x000000070a600000| Untracked 
|  47|0x000000070a800000, 0x000000070a800000, 0x000000070aa00000|  0%| F|  |TAMS 0x000000070a800000, 0x000000070a800000| Untracked 
|  48|0x000000070aa00000, 0x000000070aa00000, 0x000000070ac00000|  0%| F|  |TAMS 0x000000070aa00000, 0x000000070aa00000| Untracked 
|  49|0x000000070ac00000, 0x000000070ac00000, 0x000000070ae00000|  0%| F|  |TAMS 0x000000070ac00000, 0x000000070ac00000| Untracked 
|  50|0x000000070ae00000, 0x000000070ae00000, 0x000000070b000000|  0%| F|  |TAMS 0x000000070ae00000, 0x000000070ae00000| Untracked 
|  51|0x000000070b000000, 0x000000070b000000, 0x000000070b200000|  0%| F|  |TAMS 0x000000070b000000, 0x000000070b000000| Untracked 
|  52|0x000000070b200000, 0x000000070b200000, 0x000000070b400000|  0%| F|  |TAMS 0x000000070b200000, 0x000000070b200000| Untracked 
|  53|0x000000070b400000, 0x000000070b400000, 0x000000070b600000|  0%| F|  |TAMS 0x000000070b400000, 0x000000070b400000| Untracked 
|  54|0x000000070b600000, 0x000000070b600000, 0x000000070b800000|  0%| F|  |TAMS 0x000000070b600000, 0x000000070b600000| Untracked 
|  55|0x000000070b800000, 0x000000070b800000, 0x000000070ba00000|  0%| F|  |TAMS 0x000000070b800000, 0x000000070b800000| Untracked 
|  56|0x000000070ba00000, 0x000000070ba00000, 0x000000070bc00000|  0%| F|  |TAMS 0x000000070ba00000, 0x000000070ba00000| Untracked 
|  57|0x000000070bc00000, 0x000000070bc00000, 0x000000070be00000|  0%| F|  |TAMS 0x000000070bc00000, 0x000000070bc00000| Untracked 
|  58|0x000000070be00000, 0x000000070be00000, 0x000000070c000000|  0%| F|  |TAMS 0x000000070be00000, 0x000000070be00000| Untracked 
|  59|0x000000070c000000, 0x000000070c000000, 0x000000070c200000|  0%| F|  |TAMS 0x000000070c000000, 0x000000070c000000| Untracked 
|  60|0x000000070c200000, 0x000000070c200000, 0x000000070c400000|  0%| F|  |TAMS 0x000000070c200000, 0x000000070c200000| Untracked 
|  61|0x000000070c400000, 0x000000070c400000, 0x000000070c600000|  0%| F|  |TAMS 0x000000070c400000, 0x000000070c400000| Untracked 
|  62|0x000000070c600000, 0x000000070c600000, 0x000000070c800000|  0%| F|  |TAMS 0x000000070c600000, 0x000000070c600000| Untracked 
|  63|0x000000070c800000, 0x000000070c800000, 0x000000070ca00000|  0%| F|  |TAMS 0x000000070c800000, 0x000000070c800000| Untracked 
|  64|0x000000070ca00000, 0x000000070ca00000, 0x000000070cc00000|  0%| F|  |TAMS 0x000000070ca00000, 0x000000070ca00000| Untracked 
|  65|0x000000070cc00000, 0x000000070cc00000, 0x000000070ce00000|  0%| F|  |TAMS 0x000000070cc00000, 0x000000070cc00000| Untracked 
| 125|0x0000000714400000, 0x0000000714400000, 0x0000000714600000|  0%| F|  |TAMS 0x0000000714400000, 0x0000000714400000| Untracked 

Card table byte_map: [0x0000021561f70000,0x0000021562750000] _byte_map_base: 0x000002155e74b000

Marking Bits (Prev, Next): (CMBitMap*) 0x000002154ca7a630, (CMBitMap*) 0x000002154ca7a5f0
 Prev Bits: [0x0000021566e10000, 0x000002156ace8000)
 Next Bits: [0x0000021562f30000, 0x0000021566e08000)

Polling page: 0x000002154c870000

Metaspace:

Usage:
  Non-class:     55.53 MB used.
      Class:      6.86 MB used.
       Both:     62.39 MB used.

Virtual space:
  Non-class space:       64.00 MB reserved,      55.81 MB ( 87%) committed,  1 nodes.
      Class space:        1.00 GB reserved,       7.12 MB ( <1%) committed,  1 nodes.
             Both:        1.06 GB reserved,      62.94 MB (  6%) committed. 

Chunk freelists:
   Non-Class:  8.08 MB
       Class:  8.75 MB
        Both:  16.83 MB

MaxMetaspaceSize: unlimited
CompressedClassSpaceSize: 1.00 GB
Initial GC threshold: 21.00 MB
Current GC threshold: 100.62 MB
CDS: off
MetaspaceReclaimPolicy: balanced
 - commit_granule_bytes: 65536.
 - commit_granule_words: 8192.
 - virtual_space_node_default_size: 8388608.
 - enlarge_chunks_in_place: 1.
 - new_chunks_are_fully_committed: 0.
 - uncommit_free_chunks: 1.
 - use_allocation_guard: 0.
 - handle_deallocations: 1.


Internal statistics:

num_allocs_failed_limit: 6.
num_arena_births: 464.
num_arena_deaths: 0.
num_vsnodes_births: 2.
num_vsnodes_deaths: 0.
num_space_committed: 1007.
num_space_uncommitted: 0.
num_chunks_returned_to_freelist: 6.
num_chunks_taken_from_freelist: 2419.
num_chunk_merges: 6.
num_chunk_splits: 1762.
num_chunks_enlarged: 1399.
num_inconsistent_stats: 0.

CodeHeap 'non-profiled nmethods': size=120000Kb used=4344Kb max_used=4344Kb free=115655Kb
 bounds [0x00000215596c0000, 0x0000021559b00000, 0x0000021560bf0000]
CodeHeap 'profiled nmethods': size=120000Kb used=21162Kb max_used=21162Kb free=98837Kb
 bounds [0x0000021551bf0000, 0x00000215530a0000, 0x0000021559120000]
CodeHeap 'non-nmethods': size=5760Kb used=1265Kb max_used=1310Kb free=4494Kb
 bounds [0x0000021559120000, 0x0000021559390000, 0x00000215596c0000]
 total_blobs=10786 nmethods=10202 adapters=496
 compilation: enabled
              stopped_count=0, restarted_count=0
 full_count=0

Compilation events (20 events):
Event: 19.433 Thread 0x000002156da76a80 12376       2       org.apache.maven.model.validation.DefaultModelValidator::validateEffectiveModel (945 bytes)
Event: 19.438 Thread 0x000002156da76a80 nmethod 12376 0x0000021553092710 code [0x0000021553092ec0, 0x0000021553095ed8]
Event: 19.439 Thread 0x000002156da76a80 12374       2       org.apache.maven.model.management.DefaultPluginManagementInjector$ManagementModelMerger::mergeManagedBuildPlugins (25 bytes)
Event: 19.439 Thread 0x000002156da76a80 nmethod 12374 0x0000021553097590 code [0x0000021553097720, 0x0000021553097868]
Event: 19.439 Thread 0x000002156da76a80 12375       2       org.apache.maven.model.building.DefaultModelBuilder::fireEvent (37 bytes)
Event: 19.439 Thread 0x000002156da76a80 nmethod 12375 0x0000021553097990 code [0x0000021553097b60, 0x0000021553097ed8]
Event: 19.439 Thread 0x000002156da76a80 12377       2       org.apache.maven.model.building.DefaultModelProblemCollector::hasErrors (36 bytes)
Event: 19.440 Thread 0x000002156da76a80 nmethod 12377 0x0000021553098090 code [0x0000021553098240, 0x00000215530983d8]
Event: 19.444 Thread 0x000002156da76a80 12378       2       org.apache.maven.model.building.DefaultModelBuilder::build (236 bytes)
Event: 19.445 Thread 0x000002156da76a80 nmethod 12378 0x0000021553098490 code [0x0000021553098760, 0x0000021553099158]
Event: 19.445 Thread 0x000002156da76a80 12379       2       org.apache.maven.model.management.DefaultPluginManagementInjector::injectManagement (9 bytes)
Event: 19.445 Thread 0x000002156da76a80 nmethod 12379 0x0000021553099910 code [0x0000021553099aa0, 0x0000021553099bc8]
Event: 19.445 Thread 0x000002156da76a80 12380       2       org.apache.maven.model.management.DefaultDependencyManagementInjector::injectManagement (9 bytes)
Event: 19.445 Thread 0x000002156da76a80 nmethod 12380 0x0000021553099c90 code [0x0000021553099e20, 0x0000021553099f48]
Event: 19.445 Thread 0x000002156da76a80 12381       2       org.apache.maven.model.building.DefaultModelBuilder::hasModelErrors (23 bytes)
Event: 19.446 Thread 0x000002156da76a80 nmethod 12381 0x000002155309a010 code [0x000002155309a1c0, 0x000002155309a438]
Event: 19.448 Thread 0x000002156da75f60 nmethod 12331 0x0000021559af9790 code [0x0000021559af9b20, 0x0000021559afc338]
Event: 19.448 Thread 0x000002156da76a80 12382       2       org.apache.maven.model.merge.ModelMerger::mergeOrganization_Url (41 bytes)
Event: 19.448 Thread 0x000002156da75f60 12383 %     4       org.apache.maven.model.inheritance.DefaultInheritanceAssembler$InheritanceModelMerger::mergePluginContainer_Plugins @ 49 (433 bytes)
Event: 19.448 Thread 0x000002156da76a80 nmethod 12382 0x000002155309a590 code [0x000002155309a740, 0x000002155309a958]

GC Heap History (20 events):
Event: 12.623 GC heap after
{Heap after GC invocations=16 (full 0):
 garbage-first heap   total 110592K, used 34931K [0x0000000704a00000, 0x0000000800000000)
  region size 2048K, 1 young (2048K), 1 survivors (2048K)
 Metaspace       used 47717K, committed 48128K, reserved 1114112K
  class space    used 5194K, committed 5376K, reserved 1048576K
}
Event: 14.045 GC heap before
{Heap before GC invocations=16 (full 0):
 garbage-first heap   total 110592K, used 92275K [0x0000000704a00000, 0x0000000800000000)
  region size 2048K, 27 young (55296K), 1 survivors (2048K)
 Metaspace       used 55335K, committed 55808K, reserved 1114112K
  class space    used 6080K, committed 6336K, reserved 1048576K
}
Event: 14.060 GC heap after
{Heap after GC invocations=17 (full 0):
 garbage-first heap   total 110592K, used 46959K [0x0000000704a00000, 0x0000000800000000)
  region size 2048K, 4 young (8192K), 4 survivors (8192K)
 Metaspace       used 55335K, committed 55808K, reserved 1114112K
  class space    used 6080K, committed 6336K, reserved 1048576K
}
Event: 14.944 GC heap before
{Heap before GC invocations=17 (full 0):
 garbage-first heap   total 110592K, used 83823K [0x0000000704a00000, 0x0000000800000000)
  region size 2048K, 22 young (45056K), 4 survivors (8192K)
 Metaspace       used 56039K, committed 56512K, reserved 1114112K
  class space    used 6150K, committed 6400K, reserved 1048576K
}
Event: 14.962 GC heap after
{Heap after GC invocations=18 (full 0):
 garbage-first heap   total 110592K, used 56715K [0x0000000704a00000, 0x0000000800000000)
  region size 2048K, 3 young (6144K), 3 survivors (6144K)
 Metaspace       used 56039K, committed 56512K, reserved 1114112K
  class space    used 6150K, committed 6400K, reserved 1048576K
}
Event: 15.262 GC heap before
{Heap before GC invocations=18 (full 0):
 garbage-first heap   total 110592K, used 79243K [0x0000000704a00000, 0x0000000800000000)
  region size 2048K, 15 young (30720K), 3 survivors (6144K)
 Metaspace       used 56534K, committed 56960K, reserved 1114112K
  class space    used 6190K, committed 6400K, reserved 1048576K
}
Event: 15.275 GC heap after
{Heap after GC invocations=19 (full 0):
 garbage-first heap   total 133120K, used 61344K [0x0000000704a00000, 0x0000000800000000)
  region size 2048K, 2 young (4096K), 2 survivors (4096K)
 Metaspace       used 56534K, committed 56960K, reserved 1114112K
  class space    used 6190K, committed 6400K, reserved 1048576K
}
Event: 15.941 GC heap before
{Heap before GC invocations=20 (full 0):
 garbage-first heap   total 133120K, used 96160K [0x0000000704a00000, 0x0000000800000000)
  region size 2048K, 20 young (40960K), 2 survivors (4096K)
 Metaspace       used 58168K, committed 58624K, reserved 1114112K
  class space    used 6370K, committed 6592K, reserved 1048576K
}
Event: 15.949 GC heap after
{Heap after GC invocations=21 (full 0):
 garbage-first heap   total 133120K, used 62840K [0x0000000704a00000, 0x0000000800000000)
  region size 2048K, 2 young (4096K), 2 survivors (4096K)
 Metaspace       used 58168K, committed 58624K, reserved 1114112K
  class space    used 6370K, committed 6592K, reserved 1048576K
}
Event: 16.450 GC heap before
{Heap before GC invocations=21 (full 0):
 garbage-first heap   total 133120K, used 85368K [0x0000000704a00000, 0x0000000800000000)
  region size 2048K, 14 young (28672K), 2 survivors (4096K)
 Metaspace       used 58652K, committed 59136K, reserved 1114112K
  class space    used 6372K, committed 6592K, reserved 1048576K
}
Event: 16.460 GC heap after
{Heap after GC invocations=22 (full 0):
 garbage-first heap   total 133120K, used 63054K [0x0000000704a00000, 0x0000000800000000)
  region size 2048K, 2 young (4096K), 2 survivors (4096K)
 Metaspace       used 58652K, committed 59136K, reserved 1114112K
  class space    used 6372K, committed 6592K, reserved 1048576K
}
Event: 17.423 GC heap before
{Heap before GC invocations=23 (full 0):
 garbage-first heap   total 133120K, used 104014K [0x0000000704a00000, 0x0000000800000000)
  region size 2048K, 21 young (43008K), 2 survivors (4096K)
 Metaspace       used 59396K, committed 59904K, reserved 1114112K
  class space    used 6432K, committed 6656K, reserved 1048576K
}
Event: 17.433 GC heap after
{Heap after GC invocations=24 (full 0):
 garbage-first heap   total 133120K, used 66693K [0x0000000704a00000, 0x0000000800000000)
  region size 2048K, 2 young (4096K), 2 survivors (4096K)
 Metaspace       used 59396K, committed 59904K, reserved 1114112K
  class space    used 6432K, committed 6656K, reserved 1048576K
}
Event: 18.132 GC heap before
{Heap before GC invocations=24 (full 0):
 garbage-first heap   total 133120K, used 101509K [0x0000000704a00000, 0x0000000800000000)
  region size 2048K, 19 young (38912K), 2 survivors (4096K)
 Metaspace       used 61218K, committed 61760K, reserved 1114112K
  class space    used 6675K, committed 6912K, reserved 1048576K
}
Event: 18.138 GC heap after
{Heap after GC invocations=25 (full 0):
 garbage-first heap   total 133120K, used 68514K [0x0000000704a00000, 0x0000000800000000)
  region size 2048K, 2 young (4096K), 2 survivors (4096K)
 Metaspace       used 61218K, committed 61760K, reserved 1114112K
  class space    used 6675K, committed 6912K, reserved 1048576K
}
Event: 18.762 GC heap before
{Heap before GC invocations=26 (full 0):
 garbage-first heap   total 133120K, used 103330K [0x0000000704a00000, 0x0000000800000000)
  region size 2048K, 20 young (40960K), 2 survivors (4096K)
 Metaspace       used 62360K, committed 62912K, reserved 1114112K
  class space    used 6804K, committed 7040K, reserved 1048576K
}
Event: 18.768 GC heap after
{Heap after GC invocations=27 (full 0):
 garbage-first heap   total 133120K, used 69382K [0x0000000704a00000, 0x0000000800000000)
  region size 2048K, 2 young (4096K), 2 survivors (4096K)
 Metaspace       used 62360K, committed 62912K, reserved 1114112K
  class space    used 6804K, committed 7040K, reserved 1048576K
}
Event: 18.790 GC heap before
{Heap before GC invocations=27 (full 0):
 garbage-first heap   total 133120K, used 71430K [0x0000000704a00000, 0x0000000800000000)
  region size 2048K, 3 young (6144K), 2 survivors (4096K)
 Metaspace       used 62361K, committed 62912K, reserved 1114112K
  class space    used 6804K, committed 7040K, reserved 1048576K
}
Event: 18.799 GC heap after
{Heap after GC invocations=28 (full 0):
 garbage-first heap   total 133120K, used 59427K [0x0000000704a00000, 0x0000000800000000)
  region size 2048K, 1 young (2048K), 1 survivors (2048K)
 Metaspace       used 62361K, committed 62912K, reserved 1114112K
  class space    used 6804K, committed 7040K, reserved 1048576K
}
Event: 19.452 GC heap before
{Heap before GC invocations=28 (full 0):
 garbage-first heap   total 133120K, used 104483K [0x0000000704a00000, 0x0000000800000000)
  region size 2048K, 24 young (49152K), 1 survivors (2048K)
 Metaspace       used 63890K, committed 64448K, reserved 1114112K
  class space    used 7025K, committed 7296K, reserved 1048576K
}

Dll operation events (7 events):
Event: 0.082 Loaded shared library C:\Users\danish\.p2\pool\plugins\org.eclipse.justj.openjdk.hotspot.jre.full.win32.x86_64_17.0.8.v20230831-1047\jre\bin\java.dll
Event: 0.325 Loaded shared library C:\Users\danish\.p2\pool\plugins\org.eclipse.justj.openjdk.hotspot.jre.full.win32.x86_64_17.0.8.v20230831-1047\jre\bin\net.dll
Event: 0.346 Loaded shared library C:\Users\danish\.p2\pool\plugins\org.eclipse.justj.openjdk.hotspot.jre.full.win32.x86_64_17.0.8.v20230831-1047\jre\bin\nio.dll
Event: 0.360 Loaded shared library C:\Users\danish\.p2\pool\plugins\org.eclipse.justj.openjdk.hotspot.jre.full.win32.x86_64_17.0.8.v20230831-1047\jre\bin\zip.dll
Event: 0.572 Loaded shared library C:\Users\danish\.p2\pool\plugins\org.eclipse.justj.openjdk.hotspot.jre.full.win32.x86_64_17.0.8.v20230831-1047\jre\bin\jimage.dll
Event: 1.691 Loaded shared library C:\Users\danish\AppData\Local\Temp\jansi-2.4.0-610d9152e6c746f7-jansi.dll
Event: 1.713 Loaded shared library C:\Users\danish\.p2\pool\plugins\org.eclipse.justj.openjdk.hotspot.jre.full.win32.x86_64_17.0.8.v20230831-1047\jre\bin\verify.dll

Deoptimization events (20 events):
Event: 18.935 Thread 0x000002154ca0fe10 Uncommon trap: trap_request=0xffffffd6 fr.pc=0x0000021559acd9a8 relative=0x0000000000000388
Event: 18.935 Thread 0x000002154ca0fe10 Uncommon trap: reason=array_check action=maybe_recompile pc=0x0000021559acd9a8 method=java.util.LinkedHashMap.valuesToArray([Ljava/lang/Object;)[Ljava/lang/Object; @ 25 c2
Event: 18.935 Thread 0x000002154ca0fe10 DEOPT PACKING pc=0x0000021559acd9a8 sp=0x00000085ec1fc9a0
Event: 18.935 Thread 0x000002154ca0fe10 DEOPT UNPACKING pc=0x00000215591769a3 sp=0x00000085ec1fc948 mode 2
Event: 18.936 Thread 0x000002154ca0fe10 Uncommon trap: trap_request=0xffffffd6 fr.pc=0x0000021559acd9a8 relative=0x0000000000000388
Event: 18.936 Thread 0x000002154ca0fe10 Uncommon trap: reason=array_check action=maybe_recompile pc=0x0000021559acd9a8 method=java.util.LinkedHashMap.valuesToArray([Ljava/lang/Object;)[Ljava/lang/Object; @ 25 c2
Event: 18.936 Thread 0x000002154ca0fe10 DEOPT PACKING pc=0x0000021559acd9a8 sp=0x00000085ec1fcbf0
Event: 18.936 Thread 0x000002154ca0fe10 DEOPT UNPACKING pc=0x00000215591769a3 sp=0x00000085ec1fcb98 mode 2
Event: 18.936 Thread 0x000002154ca0fe10 Uncommon trap: trap_request=0xffffffd6 fr.pc=0x0000021559acd9a8 relative=0x0000000000000388
Event: 18.936 Thread 0x000002154ca0fe10 Uncommon trap: reason=array_check action=maybe_recompile pc=0x0000021559acd9a8 method=java.util.LinkedHashMap.valuesToArray([Ljava/lang/Object;)[Ljava/lang/Object; @ 25 c2
Event: 18.936 Thread 0x000002154ca0fe10 DEOPT PACKING pc=0x0000021559acd9a8 sp=0x00000085ec1fc590
Event: 18.936 Thread 0x000002154ca0fe10 DEOPT UNPACKING pc=0x00000215591769a3 sp=0x00000085ec1fc538 mode 2
Event: 18.936 Thread 0x000002154ca0fe10 Uncommon trap: trap_request=0xffffffd6 fr.pc=0x0000021559acd9a8 relative=0x0000000000000388
Event: 18.936 Thread 0x000002154ca0fe10 Uncommon trap: reason=array_check action=maybe_recompile pc=0x0000021559acd9a8 method=java.util.LinkedHashMap.valuesToArray([Ljava/lang/Object;)[Ljava/lang/Object; @ 25 c2
Event: 18.936 Thread 0x000002154ca0fe10 DEOPT PACKING pc=0x0000021559acd9a8 sp=0x00000085ec1fc590
Event: 18.936 Thread 0x000002154ca0fe10 DEOPT UNPACKING pc=0x00000215591769a3 sp=0x00000085ec1fc538 mode 2
Event: 19.119 Thread 0x000002154ca0fe10 Uncommon trap: trap_request=0xffffffde fr.pc=0x00000215598a2e74 relative=0x0000000000002ef4
Event: 19.119 Thread 0x000002154ca0fe10 Uncommon trap: reason=class_check action=maybe_recompile pc=0x00000215598a2e74 method=org.apache.maven.model.Plugin.clone()Lorg/apache/maven/model/Plugin; @ 94 c2
Event: 19.119 Thread 0x000002154ca0fe10 DEOPT PACKING pc=0x00000215598a2e74 sp=0x00000085ec1fd460
Event: 19.119 Thread 0x000002154ca0fe10 DEOPT UNPACKING pc=0x00000215591769a3 sp=0x00000085ec1fd470 mode 2

Classes unloaded (0 events):
No events

Classes redefined (3 events):
Event: 0.269 Thread 0x000002156da41630 redefined class name=java.io.FileOutputStream, count=1
Event: 0.271 Thread 0x000002156da41630 redefined class name=java.io.File, count=1
Event: 0.272 Thread 0x000002156da41630 redefined class name=java.net.URLStreamHandler, count=1

Internal exceptions (20 events):
Event: 16.980 Thread 0x000002154ca0fe10 Exception <a 'sun/nio/fs/WindowsException'{0x000000070b67f8b8}> (0x000000070b67f8b8) 
thrown [s\src\hotspot\share\prims\jni.cpp, line 516]
Event: 16.997 Thread 0x000002154ca0fe10 Exception <a 'sun/nio/fs/WindowsException'{0x000000070b71a0a0}> (0x000000070b71a0a0) 
thrown [s\src\hotspot\share\prims\jni.cpp, line 516]
Event: 17.016 Thread 0x000002154ca0fe10 Exception <a 'sun/nio/fs/WindowsException'{0x000000070b7a76c0}> (0x000000070b7a76c0) 
thrown [s\src\hotspot\share\prims\jni.cpp, line 516]
Event: 17.033 Thread 0x000002154ca0fe10 Exception <a 'sun/nio/fs/WindowsException'{0x000000070b402bf8}> (0x000000070b402bf8) 
thrown [s\src\hotspot\share\prims\jni.cpp, line 516]
Event: 17.058 Thread 0x000002154ca0fe10 Exception <a 'sun/nio/fs/WindowsException'{0x000000070b5e87c0}> (0x000000070b5e87c0) 
thrown [s\src\hotspot\share\prims\jni.cpp, line 516]
Event: 17.066 Thread 0x000002154ca0fe10 Exception <a 'sun/nio/fs/WindowsException'{0x000000070ae037e8}> (0x000000070ae037e8) 
thrown [s\src\hotspot\share\prims\jni.cpp, line 516]
Event: 17.084 Thread 0x000002154ca0fe10 Exception <a 'sun/nio/fs/WindowsException'{0x000000070aea2510}> (0x000000070aea2510) 
thrown [s\src\hotspot\share\prims\jni.cpp, line 516]
Event: 17.108 Thread 0x000002154ca0fe10 Exception <a 'sun/nio/fs/WindowsException'{0x000000070aff6958}> (0x000000070aff6958) 
thrown [s\src\hotspot\share\prims\jni.cpp, line 516]
Event: 17.121 Thread 0x000002154ca0fe10 Exception <a 'sun/nio/fs/WindowsException'{0x000000070ac6c0d8}> (0x000000070ac6c0d8) 
thrown [s\src\hotspot\share\prims\jni.cpp, line 516]
Event: 17.139 Thread 0x000002154ca0fe10 Exception <a 'sun/nio/fs/WindowsException'{0x000000070ad39670}> (0x000000070ad39670) 
thrown [s\src\hotspot\share\prims\jni.cpp, line 516]
Event: 17.153 Thread 0x000002154ca0fe10 Exception <a 'sun/nio/fs/WindowsException'{0x000000070adc7a78}> (0x000000070adc7a78) 
thrown [s\src\hotspot\share\prims\jni.cpp, line 516]
Event: 17.187 Thread 0x000002154ca0fe10 Exception <a 'sun/nio/fs/WindowsException'{0x000000070abbdc98}> (0x000000070abbdc98) 
thrown [s\src\hotspot\share\prims\jni.cpp, line 516]
Event: 17.207 Thread 0x000002154ca0fe10 Exception <a 'sun/nio/fs/WindowsException'{0x000000070a860200}> (0x000000070a860200) 
thrown [s\src\hotspot\share\prims\jni.cpp, line 516]
Event: 17.221 Thread 0x000002154ca0fe10 Exception <a 'sun/nio/fs/WindowsException'{0x000000070a9019a8}> (0x000000070a9019a8) 
thrown [s\src\hotspot\share\prims\jni.cpp, line 516]
Event: 17.233 Thread 0x000002154ca0fe10 Exception <a 'sun/nio/fs/WindowsException'{0x000000070a98bbb0}> (0x000000070a98bbb0) 
thrown [s\src\hotspot\share\prims\jni.cpp, line 516]
Event: 17.775 Thread 0x0000021574131f90 Implicit null exception at 0x0000021559890897 to 0x0000021559890a8c
Event: 17.780 Thread 0x0000021574131f90 Exception <a 'java/lang/NoSuchMethodError'{0x000000070bb8d920}: 'java.lang.Object java.lang.invoke.DirectMethodHandle$Holder.invokeStaticInit(java.lang.Object, java.lang.Object, long, java.lang.Object)'> (0x000000070bb8d920) 
thrown [s\src\hotspot\share\interpreter\linkResolver.cpp, line 759]
Event: 17.781 Thread 0x0000021574131f90 Exception <a 'java/lang/NoSuchMethodError'{0x000000070bb93f30}: 'java.lang.Object java.lang.invoke.DirectMethodHandle$Holder.newInvokeSpecial(java.lang.Object, java.lang.Object, long)'> (0x000000070bb93f30) 
thrown [s\src\hotspot\share\interpreter\linkResolver.cpp, line 759]
Event: 17.781 Thread 0x0000021574131f90 Exception <a 'java/lang/NoSuchMethodError'{0x000000070bb97aa0}: 'java.lang.Object java.lang.invoke.Invokers$Holder.linkToTargetMethod(java.lang.Object, long, java.lang.Object)'> (0x000000070bb97aa0) 
thrown [s\src\hotspot\share\interpreter\linkResolver.cpp, line 759]
Event: 18.468 Thread 0x000002154ca0fe10 Exception <a 'java/lang/NoSuchMethodError'{0x000000070caf3d90}: 'void java.lang.invoke.DirectMethodHandle$Holder.invokeStaticInit(java.lang.Object, java.lang.Object)'> (0x000000070caf3d90) 
thrown [s\src\hotspot\share\interpreter\linkResolver.cpp, line 759]

VM Operations (20 events):
Event: 18.183 Executing VM operation: G1PauseRemark done
Event: 18.201 Executing VM operation: G1PauseCleanup
Event: 18.201 Executing VM operation: G1PauseCleanup done
Event: 18.235 Executing VM operation: HandshakeAllThreads
Event: 18.235 Executing VM operation: HandshakeAllThreads done
Event: 18.253 Executing VM operation: HandshakeAllThreads
Event: 18.253 Executing VM operation: HandshakeAllThreads done
Event: 18.477 Executing VM operation: HandshakeAllThreads
Event: 18.477 Executing VM operation: HandshakeAllThreads done
Event: 18.500 Executing VM operation: HandshakeAllThreads
Event: 18.501 Executing VM operation: HandshakeAllThreads done
Event: 18.582 Executing VM operation: HandshakeAllThreads
Event: 18.582 Executing VM operation: HandshakeAllThreads done
Event: 18.586 Executing VM operation: HandshakeAllThreads
Event: 18.586 Executing VM operation: HandshakeAllThreads done
Event: 18.762 Executing VM operation: G1CollectForAllocation
Event: 18.768 Executing VM operation: G1CollectForAllocation done
Event: 18.790 Executing VM operation: G1CollectForAllocation
Event: 18.799 Executing VM operation: G1CollectForAllocation done
Event: 19.452 Executing VM operation: G1CollectForAllocation

Events (20 events):
Event: 19.294 Thread 0x0000021574131570 Thread added: 0x0000021574131570
Event: 19.295 Thread 0x0000021574131a80 Thread added: 0x0000021574131a80
Event: 19.296 Thread 0x0000021574131060 Thread added: 0x0000021574131060
Event: 19.298 Thread 0x00000215741329b0 Thread added: 0x00000215741329b0
Event: 19.299 Thread 0x00000215737476c0 Thread added: 0x00000215737476c0
Event: 19.300 Thread 0x00000215737480e0 Thread added: 0x00000215737480e0
Event: 19.301 Thread 0x0000021573745860 Thread added: 0x0000021573745860
Event: 19.302 Thread 0x0000021573744420 Thread added: 0x0000021573744420
Event: 19.359 Thread 0x0000021573745860 Thread exited: 0x0000021573745860
Event: 19.359 Thread 0x0000021574131a80 Thread exited: 0x0000021574131a80
Event: 19.359 Thread 0x00000215741329b0 Thread exited: 0x00000215741329b0
Event: 19.359 Thread 0x0000021574131060 Thread exited: 0x0000021574131060
Event: 19.359 Thread 0x0000021574134810 Thread exited: 0x0000021574134810
Event: 19.359 Thread 0x00000215737476c0 Thread exited: 0x00000215737476c0
Event: 19.359 Thread 0x0000021574131f90 Thread exited: 0x0000021574131f90
Event: 19.359 Thread 0x0000021574133df0 Thread exited: 0x0000021574133df0
Event: 19.360 Thread 0x0000021574134300 Thread exited: 0x0000021574134300
Event: 19.360 Thread 0x0000021574131570 Thread exited: 0x0000021574131570
Event: 19.360 Thread 0x00000215737480e0 Thread exited: 0x00000215737480e0
Event: 19.360 Thread 0x0000021573744420 Thread exited: 0x0000021573744420


Dynamic libraries:
0x00007ff6b44a0000 - 0x00007ff6b44ae000 	C:\Users\danish\.p2\pool\plugins\org.eclipse.justj.openjdk.hotspot.jre.full.win32.x86_64_17.0.8.v20230831-1047\jre\bin\javaw.exe
0x00007ffbadbb0000 - 0x00007ffbadda8000 	C:\Windows\SYSTEM32\ntdll.dll
0x00007ffbad910000 - 0x00007ffbad9cd000 	C:\Windows\System32\KERNEL32.DLL
0x00007ffbad610000 - 0x00007ffbad906000 	C:\Windows\System32\KERNELBASE.dll
0x000000007eb00000 - 0x000000007eb3c000 	C:\Windows\System32\cyinjct.dll
0x00007ffbad490000 - 0x00007ffbad499000 	C:\Windows\System32\ntnativeapi.dll
0x00007ffb6e350000 - 0x00007ffb6e367000 	C:\Users\danish\.p2\pool\plugins\org.eclipse.justj.openjdk.hotspot.jre.full.win32.x86_64_17.0.8.v20230831-1047\jre\bin\jli.dll
0x000002154c560000 - 0x000002154c6ff000 	C:\Windows\System32\USER32.dll
0x00007ffbab400000 - 0x00007ffbab422000 	C:\Windows\System32\win32u.dll
0x00007ffbabc50000 - 0x00007ffbabc7b000 	C:\Windows\System32\GDI32.dll
0x00007ffbab140000 - 0x00007ffbab257000 	C:\Windows\System32\gdi32full.dll
0x00007ffbab360000 - 0x00007ffbab3fd000 	C:\Windows\System32\msvcp_win.dll
0x000002154c700000 - 0x000002154c800000 	C:\Windows\System32\ucrtbase.dll
0x00007ffba3da0000 - 0x00007ffba3db9000 	C:\Users\danish\.p2\pool\plugins\org.eclipse.justj.openjdk.hotspot.jre.full.win32.x86_64_17.0.8.v20230831-1047\jre\bin\VCRUNTIME140.dll
0x00007ffb93780000 - 0x00007ffb93a1a000 	C:\Windows\WinSxS\amd64_microsoft.windows.common-controls_6595b64144ccf1df_6.0.19041.4355_none_60b8b9eb71f62e16\COMCTL32.dll
0x00007ffbac5d0000 - 0x00007ffbac66e000 	C:\Windows\System32\msvcrt.dll
0x00007ffbad470000 - 0x00007ffbad48e000 	C:\Windows\System32\cyvera.dll
0x00007ffbad400000 - 0x00007ffbad470000 	C:\Windows\System32\cyvrtrap.dll
0x00007ffbacb30000 - 0x00007ffbacb62000 	C:\Windows\System32\IMM32.DLL
0x00007ffba3dd0000 - 0x00007ffba3ddc000 	C:\Users\danish\.p2\pool\plugins\org.eclipse.justj.openjdk.hotspot.jre.full.win32.x86_64_17.0.8.v20230831-1047\jre\bin\vcruntime140_1.dll
0x00007ffb98360000 - 0x00007ffb983f1000 	C:\Users\danish\.p2\pool\plugins\org.eclipse.justj.openjdk.hotspot.jre.full.win32.x86_64_17.0.8.v20230831-1047\jre\bin\msvcp140.dll
0x00007ffb033f0000 - 0x00007ffb0403c000 	C:\Users\danish\.p2\pool\plugins\org.eclipse.justj.openjdk.hotspot.jre.full.win32.x86_64_17.0.8.v20230831-1047\jre\bin\server\jvm.dll
0x00007ffbacb70000 - 0x00007ffbacc20000 	C:\Windows\System32\ADVAPI32.dll
0x00007ffbad320000 - 0x00007ffbad3c0000 	C:\Windows\System32\sechost.dll
0x00007ffbad4e0000 - 0x00007ffbad603000 	C:\Windows\System32\RPCRT4.dll
0x00007ffbab530000 - 0x00007ffbab557000 	C:\Windows\System32\bcrypt.dll
0x00007ffbaa630000 - 0x00007ffbaa67b000 	C:\Windows\SYSTEM32\POWRPROF.dll
0x00007ffb7beb0000 - 0x00007ffb7beb9000 	C:\Windows\SYSTEM32\WSOCK32.dll
0x00007ffbabbd0000 - 0x00007ffbabc3b000 	C:\Windows\System32\WS2_32.dll
0x00007ffb9ff00000 - 0x00007ffb9ff27000 	C:\Windows\SYSTEM32\WINMM.dll
0x00007ffba0040000 - 0x00007ffba004a000 	C:\Windows\SYSTEM32\VERSION.dll
0x00007ffbaa4f0000 - 0x00007ffbaa502000 	C:\Windows\SYSTEM32\UMPDC.dll
0x00007ffba9970000 - 0x00007ffba9982000 	C:\Windows\SYSTEM32\kernel.appcore.dll
0x00007ffb7d440000 - 0x00007ffb7d44a000 	C:\Users\danish\.p2\pool\plugins\org.eclipse.justj.openjdk.hotspot.jre.full.win32.x86_64_17.0.8.v20230831-1047\jre\bin\jimage.dll
0x00007ffba9330000 - 0x00007ffba9514000 	C:\Windows\SYSTEM32\DBGHELP.DLL
0x00007ffb97630000 - 0x00007ffb97664000 	C:\Windows\SYSTEM32\dbgcore.DLL
0x00007ffbab560000 - 0x00007ffbab5e2000 	C:\Windows\System32\bcryptPrimitives.dll
0x00007ffbad3c0000 - 0x00007ffbad3f7000 	C:\Program Files\Palo Alto Networks\Traps\cyjagent.dll
0x00007ffb6af40000 - 0x00007ffb6af65000 	C:\Users\danish\.p2\pool\plugins\org.eclipse.justj.openjdk.hotspot.jre.full.win32.x86_64_17.0.8.v20230831-1047\jre\bin\java.dll
0x00007ffb6af20000 - 0x00007ffb6af38000 	C:\Users\danish\.p2\pool\plugins\org.eclipse.justj.openjdk.hotspot.jre.full.win32.x86_64_17.0.8.v20230831-1047\jre\bin\zip.dll
0x00007ffbabe60000 - 0x00007ffbac5cb000 	C:\Windows\System32\SHELL32.dll
0x00007ffba8ac0000 - 0x00007ffba925d000 	C:\Windows\SYSTEM32\windows.storage.dll
0x00007ffbac7d0000 - 0x00007ffbacb23000 	C:\Windows\System32\combase.dll
0x00007ffbaaa80000 - 0x00007ffbaaaae000 	C:\Windows\SYSTEM32\Wldp.dll
0x00007ffbabb00000 - 0x00007ffbabbcd000 	C:\Windows\System32\OLEAUT32.dll
0x00007ffbac670000 - 0x00007ffbac71d000 	C:\Windows\System32\SHCORE.dll
0x00007ffbab9e0000 - 0x00007ffbaba35000 	C:\Windows\System32\shlwapi.dll
0x00007ffbab070000 - 0x00007ffbab094000 	C:\Windows\SYSTEM32\profapi.dll
0x00007ffb6af00000 - 0x00007ffb6af19000 	C:\Users\danish\.p2\pool\plugins\org.eclipse.justj.openjdk.hotspot.jre.full.win32.x86_64_17.0.8.v20230831-1047\jre\bin\net.dll
0x00007ffba3280000 - 0x00007ffba338a000 	C:\Windows\SYSTEM32\WINHTTP.dll
0x00007ffbaa860000 - 0x00007ffbaa8ca000 	C:\Windows\system32\mswsock.dll
0x00007ffb461e0000 - 0x00007ffb461f5000 	C:\Users\danish\.p2\pool\plugins\org.eclipse.justj.openjdk.hotspot.jre.full.win32.x86_64_17.0.8.v20230831-1047\jre\bin\nio.dll
0x0000000069ac0000 - 0x0000000069ae4000 	C:\Users\danish\AppData\Local\Temp\jansi-2.4.0-610d9152e6c746f7-jansi.dll
0x00007ffb4c6c0000 - 0x00007ffb4c6d0000 	C:\Users\danish\.p2\pool\plugins\org.eclipse.justj.openjdk.hotspot.jre.full.win32.x86_64_17.0.8.v20230831-1047\jre\bin\verify.dll
0x00007ffbaaac0000 - 0x00007ffbaaad8000 	C:\Windows\SYSTEM32\CRYPTSP.dll
0x00007ffbaa130000 - 0x00007ffbaa164000 	C:\Windows\system32\rsaenh.dll
0x00007ffbab020000 - 0x00007ffbab04e000 	C:\Windows\SYSTEM32\USERENV.dll
0x00007ffbaa9f0000 - 0x00007ffbaa9fc000 	C:\Windows\SYSTEM32\CRYPTBASE.dll
0x00007ffbaa510000 - 0x00007ffbaa54b000 	C:\Windows\SYSTEM32\IPHLPAPI.DLL
0x00007ffbab970000 - 0x00007ffbab978000 	C:\Windows\System32\NSI.dll
0x00007ffba2880000 - 0x00007ffba2897000 	C:\Windows\SYSTEM32\dhcpcsvc6.DLL
0x00007ffba2860000 - 0x00007ffba287d000 	C:\Windows\SYSTEM32\dhcpcsvc.DLL
0x00007ffbaa560000 - 0x00007ffbaa62b000 	C:\Windows\SYSTEM32\DNSAPI.dll

dbghelp: loaded successfully - version: 4.0.5 - missing functions: none
symbol engine: initialized successfully - sym options: 0x614 - pdb path: .;C:\Users\danish\.p2\pool\plugins\org.eclipse.justj.openjdk.hotspot.jre.full.win32.x86_64_17.0.8.v20230831-1047\jre\bin;C:\Windows\SYSTEM32;C:\Windows\WinSxS\amd64_microsoft.windows.common-controls_6595b64144ccf1df_6.0.19041.4355_none_60b8b9eb71f62e16;C:\Users\danish\.p2\pool\plugins\org.eclipse.justj.openjdk.hotspot.jre.full.win32.x86_64_17.0.8.v20230831-1047\jre\bin\server;C:\Program Files\Palo Alto Networks\Traps;C:\Users\danish\AppData\Local\Temp

VM Arguments:
jvm_args: -Dmaven.home=D:\Softwares\apache-maven-3.9.5-bin\apache-maven-3.9.5 -Dclassworlds.conf=C:\Users\danish\eclipse-workspace\.metadata\.plugins\org.eclipse.m2e.launching\launches\m2conf1872283007864051402.tmp -Dmaven.multiModuleProjectDirectory=C:\Users\danish\eclipse-workspace\Basyx2.0\basyx-java-server-sdk\basyx.submodelregistry\basyx.submodelregistry-client-native -Dfile.encoding=UTF-8 -Dstdout.encoding=UTF-8 -Dstderr.encoding=UTF-8 -XX:+ShowCodeDetailsInExceptionMessages -agentpath:C:\Program Files\Palo Alto Networks\Traps\cyjagent.dll 
java_command: org.codehaus.plexus.classworlds.launcher.Launcher -B -Dstyle.color=always clean install
java_class_path (initial): D:\Softwares\apache-maven-3.9.5-bin\apache-maven-3.9.5\boot\plexus-classworlds-2.7.0.jar
Launcher Type: SUN_STANDARD

[Global flags]
     intx CICompilerCount                          = 4                                         {product} {ergonomic}
     uint ConcGCThreads                            = 3                                         {product} {ergonomic}
     uint G1ConcRefinementThreads                  = 10                                        {product} {ergonomic}
   size_t G1HeapRegionSize                         = 2097152                                   {product} {ergonomic}
    uintx GCDrainStackTargetSize                   = 64                                        {product} {ergonomic}
   size_t InitialHeapSize                          = 264241152                                 {product} {ergonomic}
   size_t MarkStackSize                            = 4194304                                   {product} {ergonomic}
   size_t MaxHeapSize                              = 4217372672                                {product} {ergonomic}
   size_t MaxNewSize                               = 2529165312                                {product} {ergonomic}
   size_t MinHeapDeltaBytes                        = 2097152                                   {product} {ergonomic}
   size_t MinHeapSize                              = 8388608                                   {product} {ergonomic}
    uintx NonNMethodCodeHeapSize                   = 5839372                                {pd product} {ergonomic}
    uintx NonProfiledCodeHeapSize                  = 122909434                              {pd product} {ergonomic}
    uintx ProfiledCodeHeapSize                     = 122909434                              {pd product} {ergonomic}
    uintx ReservedCodeCacheSize                    = 251658240                              {pd product} {ergonomic}
     bool SegmentedCodeCache                       = true                                      {product} {ergonomic}
     bool ShowCodeDetailsInExceptionMessages       = true                                   {manageable} {command line}
   size_t SoftMaxHeapSize                          = 4217372672                             {manageable} {ergonomic}
     bool UseCompressedClassPointers               = true                           {product lp64_product} {ergonomic}
     bool UseCompressedOops                        = true                           {product lp64_product} {ergonomic}
     bool UseG1GC                                  = true                                      {product} {ergonomic}
     bool UseLargePagesIndividualAllocation        = false                                  {pd product} {ergonomic}

Logging:
Log output configuration:
 #0: stdout all=warning uptime,level,tags
 #1: stderr all=off uptime,level,tags

Environment Variables:
PATH=C:/Users/danish/.p2/pool/plugins/org.eclipse.justj.openjdk.hotspot.jre.full.win32.x86_64_17.0.8.v20230831-1047/jre/bin/server;C:/Users/danish/.p2/pool/plugins/org.eclipse.justj.openjdk.hotspot.jre.full.win32.x86_64_17.0.8.v20230831-1047/jre/bin;C:\Program Files\Eclipse Adoptium\jdk-17.0.9.9-hotspot\bin;C:\Windows\system32;C:\Windows;C:\Windows\System32\Wbem;C:\Windows\System32\WindowsPowerShell\v1.0\;C:\Windows\System32\OpenSSH\;C:\Program Files\Docker\Docker\resources\bin;C:\Program Files\Git\cmd;D:\Softwares\apache-maven-3.9.5-bin\apache-maven-3.9.5\bin;C:\Program Files\TortoiseGit\bin;C:\Program Files\dotnet\;C:\Program Files (x86)\Microsoft SQL Server\160\Tools\Binn\;C:\Program Files\Microsoft SQL Server\160\Tools\Binn\;C:\Program Files\Microsoft SQL Server\Client SDK\ODBC\170\Tools\Binn\;C:\Program Files\Microsoft SQL Server\160\DTS\Binn\;C:\Program Files (x86)\Microsoft SQL Server\160\DTS\Binn\;C:\Program Files\Azure Data Studio\bin;D:\Softwares\helm\helm-v3.13.3-windows-amd64\windows-amd64;D:\Softwares\helm\kubectl-cert_manager-windows-amd64.tar\kubectl-cert_manager-windows-amd64;C:\Users\danish\kubectl-cert-manager.tar\kubectl-cert-manager;D:\Softwares\jq;D:\Softwares\jq_1_6;D:\Softwares\kustomize_v5.3.0_windows_amd64;C:\Program Files (x86)\Sennheiser\SenncomSDK\;D:\Softwares\apache-maven-3.9.5-bin\bin;C:\Users\danish\AppData\Local\anaconda3\Scripts;C:\Users\danish\AppData\Local\anaconda3;C:\Program Files\WireGuard\;C:\Program Files\TortoiseSVN\bin;C:\Program Files\nodejs\;C:\Program Files\Kubernetes\Minikube;C:\Users\danish\AppData\Local\Microsoft\WindowsApps;;C:\Users\danish\AppData\Local\Microsoft\WinGet\Packages\Kubernetes.kubectl_Microsoft.Winget.Source_8wekyb3d8bbwe;C:\Users\danish\AppData\Local\Programs\Microsoft VS Code\bin;C:\Users\danish\AppData\Roaming\npm;C:\Users\danish\eclipse\java-2023-09\eclipse;
USERNAME=danish
OS=Windows_NT
PROCESSOR_IDENTIFIER=Intel64 Family 6 Model 154 Stepping 4, GenuineIntel
TMP=C:\Users\danish\AppData\Local\Temp
TEMP=C:\Users\danish\AppData\Local\Temp



---------------  S Y S T E M  ---------------

OS:
 Windows 10 , 64 bit Build 19041 (10.0.19041.3636)
OS uptime: 0 days 7:09 hours
Hyper-V role detected

CPU: total 12 (initial active 12) (6 cores per cpu, 2 threads per core) family 6 model 154 stepping 4 microcode 0x42c, cx8, cmov, fxsr, ht, mmx, 3dnowpref, sse, sse2, sse3, ssse3, sse4.1, sse4.2, popcnt, lzcnt, tsc, tscinvbit, avx, avx2, aes, erms, clmul, bmi1, bmi2, adx, sha, fma, vzeroupper, clflush, clflushopt, clwb, hv
Processor Information for all 12 processors :
  Max Mhz: 1700, Current Mhz: 1700, Mhz Limit: 1700

Memory: 4k page, system-wide physical 16083M (124M free)
TotalPageFile size 58315M (AvailPageFile size 121M)
current process WorkingSet (physical memory assigned to process): 312M, peak: 318M
current process commit charge ("private bytes"): 353M, peak: 463M

vm_info: OpenJDK 64-Bit Server VM (17.0.8.1+1) for windows-amd64 JRE (17.0.8.1+1), built on Aug 23 2023 15:29:17 by "admin" with MS VC++ 16.7 (VS2019)

END.
